[2026-06-09T14:17:18.303+0000] {local_task_job_runner.py:120} INFO - ::group::Pre task execution logs
[2026-06-09T14:17:18.347+0000] {taskinstance.py:2076} INFO - Dependencies all met for dep_context=non-requeueable deps ti=<TaskInstance: dag_pipeline_meteo.fetch_lyon manual__2026-06-09T14:17:17.541472+00:00 [queued]>
[2026-06-09T14:17:18.360+0000] {taskinstance.py:2076} INFO - Dependencies all met for dep_context=requeueable deps ti=<TaskInstance: dag_pipeline_meteo.fetch_lyon manual__2026-06-09T14:17:17.541472+00:00 [queued]>
[2026-06-09T14:17:18.361+0000] {taskinstance.py:2306} INFO - Starting attempt 1 of 1
[2026-06-09T14:17:18.380+0000] {taskinstance.py:2330} INFO - Executing <Task(PythonOperator): fetch_lyon> on 2026-06-09 14:17:17.541472+00:00
[2026-06-09T14:17:18.397+0000] {logging_mixin.py:188} WARNING - /home/***/.local/lib/python3.12/site-packages/***/task/task_runner/standard_task_runner.py:61 DeprecationWarning: This process (pid=253) is multi-threaded, use of fork() may lead to deadlocks in the child.
[2026-06-09T14:17:18.400+0000] {standard_task_runner.py:63} INFO - Started process 257 to run task
[2026-06-09T14:17:18.398+0000] {standard_task_runner.py:90} INFO - Running: ['***', 'tasks', 'run', 'dag_pipeline_meteo', 'fetch_lyon', 'manual__2026-06-09T14:17:17.541472+00:00', '--job-id', '14', '--raw', '--subdir', 'DAGS_FOLDER/dag_pipeline_meteo.py', '--cfg-path', '/tmp/tmpann5i9wy']
[2026-06-09T14:17:18.402+0000] {standard_task_runner.py:91} INFO - Job 14: Subtask fetch_lyon
[2026-06-09T14:17:18.575+0000] {task_command.py:426} INFO - Running <TaskInstance: dag_pipeline_meteo.fetch_lyon manual__2026-06-09T14:17:17.541472+00:00 [running]> on host fff10450e6ba
[2026-06-09T14:17:18.757+0000] {taskinstance.py:2648} INFO - Exporting env vars: AIRFLOW_CTX_DAG_OWNER='***' AIRFLOW_CTX_DAG_ID='dag_pipeline_meteo' AIRFLOW_CTX_TASK_ID='fetch_lyon' AIRFLOW_CTX_EXECUTION_DATE='2026-06-09T14:17:17.541472+00:00' AIRFLOW_CTX_TRY_NUMBER='1' AIRFLOW_CTX_DAG_RUN_ID='manual__2026-06-09T14:17:17.541472+00:00'
[2026-06-09T14:17:18.758+0000] {taskinstance.py:430} INFO - ::endgroup::
[2026-06-09T14:17:19.002+0000] {logging_mixin.py:188} INFO - [Lyon] Reponse brute : {
  "time": "2026-06-09T16:15",
  "interval": 900,
  "temperature_2m": 20.9,
  "relative_humidity_2m": 44,
  "wind_speed_10m": 10.9
}
[2026-06-09T14:17:19.056+0000] {python.py:237} INFO - Done. Returned value was: None
[2026-06-09T14:17:19.059+0000] {taskinstance.py:441} INFO - ::group::Post task execution logs
[2026-06-09T14:17:19.079+0000] {taskinstance.py:1206} INFO - Marking task as SUCCESS. dag_id=dag_pipeline_meteo, task_id=fetch_lyon, run_id=manual__2026-06-09T14:17:17.541472+00:00, execution_date=20260609T141717, start_date=20260609T141718, end_date=20260609T141719
[2026-06-09T14:17:19.138+0000] {local_task_job_runner.py:240} INFO - Task exited with return code 0
[2026-06-09T14:17:19.155+0000] {local_task_job_runner.py:222} INFO - ::endgroup::
