[2026-06-10T09:16:23.424+0000] {local_task_job_runner.py:120} INFO - ::group::Pre task execution logs
[2026-06-10T09:16:23.474+0000] {taskinstance.py:2076} INFO - Dependencies all met for dep_context=non-requeueable deps ti=<TaskInstance: dag_meteo_v2.branch_lyon manual__2026-06-10T09:16:19.352005+00:00 [queued]>
[2026-06-10T09:16:23.489+0000] {taskinstance.py:2076} INFO - Dependencies all met for dep_context=requeueable deps ti=<TaskInstance: dag_meteo_v2.branch_lyon manual__2026-06-10T09:16:19.352005+00:00 [queued]>
[2026-06-10T09:16:23.490+0000] {taskinstance.py:2306} INFO - Starting attempt 1 of 4
[2026-06-10T09:16:23.510+0000] {taskinstance.py:2330} INFO - Executing <Task(BranchPythonOperator): branch_lyon> on 2026-06-10 09:16:19.352005+00:00
[2026-06-10T09:16:23.525+0000] {logging_mixin.py:188} WARNING - /home/***/.local/lib/python3.12/site-packages/***/task/task_runner/standard_task_runner.py:61 DeprecationWarning: This process (pid=186) is multi-threaded, use of fork() may lead to deadlocks in the child.
[2026-06-10T09:16:23.524+0000] {standard_task_runner.py:90} INFO - Running: ['***', 'tasks', 'run', 'dag_meteo_v2', 'branch_lyon', 'manual__2026-06-10T09:16:19.352005+00:00', '--job-id', '49', '--raw', '--subdir', 'DAGS_FOLDER/dag_meteo_v2.py', '--cfg-path', '/tmp/tmp6_jdxh80']
[2026-06-10T09:16:23.527+0000] {standard_task_runner.py:63} INFO - Started process 189 to run task
[2026-06-10T09:16:23.527+0000] {standard_task_runner.py:91} INFO - Job 49: Subtask branch_lyon
[2026-06-10T09:16:23.609+0000] {task_command.py:426} INFO - Running <TaskInstance: dag_meteo_v2.branch_lyon manual__2026-06-10T09:16:19.352005+00:00 [running]> on host 819a743992b5
[2026-06-10T09:16:23.735+0000] {taskinstance.py:2648} INFO - Exporting env vars: AIRFLOW_CTX_DAG_OWNER='***' AIRFLOW_CTX_DAG_ID='dag_meteo_v2' AIRFLOW_CTX_TASK_ID='branch_lyon' AIRFLOW_CTX_EXECUTION_DATE='2026-06-10T09:16:19.352005+00:00' AIRFLOW_CTX_TRY_NUMBER='1' AIRFLOW_CTX_DAG_RUN_ID='manual__2026-06-10T09:16:19.352005+00:00'
[2026-06-10T09:16:23.737+0000] {taskinstance.py:430} INFO - ::endgroup::
[2026-06-10T09:16:23.753+0000] {baseoperator.py:399} WARNING - BranchPythonOperator.execute cannot be called outside TaskInstance!
[2026-06-10T09:16:23.770+0000] {quality.py:38} INFO - [Lyon] Controle qualite OK
[2026-06-10T09:16:23.806+0000] {dag_meteo_v2.py:51} INFO - [Lyon] Qualite OK -> chargement
[2026-06-10T09:16:23.807+0000] {python.py:237} INFO - Done. Returned value was: load_lyon
[2026-06-10T09:16:23.808+0000] {branch.py:36} INFO - Branch into load_lyon
[2026-06-10T09:16:23.809+0000] {skipmixin.py:178} INFO - Following branch load_lyon
[2026-06-10T09:16:23.831+0000] {skipmixin.py:246} INFO - Skipping tasks [('flag_anomaly_lyon', -1)]
[2026-06-10T09:16:23.859+0000] {taskinstance.py:441} INFO - ::group::Post task execution logs
[2026-06-10T09:16:23.890+0000] {taskinstance.py:1206} INFO - Marking task as SUCCESS. dag_id=dag_meteo_v2, task_id=branch_lyon, run_id=manual__2026-06-10T09:16:19.352005+00:00, execution_date=20260610T091619, start_date=20260610T091623, end_date=20260610T091623
[2026-06-10T09:16:23.943+0000] {local_task_job_runner.py:240} INFO - Task exited with return code 0
[2026-06-10T09:16:23.957+0000] {local_task_job_runner.py:222} INFO - ::endgroup::
