[2026-06-09T08:44:17.290+0000] {local_task_job_runner.py:120} INFO - ::group::Pre task execution logs
[2026-06-09T08:44:17.336+0000] {taskinstance.py:2076} INFO - Dependencies all met for dep_context=non-requeueable deps ti=<TaskInstance: dag_ingestion_meteo.fetch_marseille manual__2026-06-09T08:44:15.368867+00:00 [queued]>
[2026-06-09T08:44:17.356+0000] {taskinstance.py:2076} INFO - Dependencies all met for dep_context=requeueable deps ti=<TaskInstance: dag_ingestion_meteo.fetch_marseille manual__2026-06-09T08:44:15.368867+00:00 [queued]>
[2026-06-09T08:44:17.357+0000] {taskinstance.py:2306} INFO - Starting attempt 1 of 1
[2026-06-09T08:44:17.402+0000] {taskinstance.py:2330} INFO - Executing <Task(PythonOperator): fetch_marseille> on 2026-06-09 08:44:15.368867+00:00
[2026-06-09T08:44:17.420+0000] {logging_mixin.py:188} WARNING - /home/***/.local/lib/python3.12/site-packages/***/task/task_runner/standard_task_runner.py:61 DeprecationWarning: This process (pid=190) is multi-threaded, use of fork() may lead to deadlocks in the child.
[2026-06-09T08:44:17.420+0000] {standard_task_runner.py:90} INFO - Running: ['***', 'tasks', 'run', 'dag_ingestion_meteo', 'fetch_marseille', 'manual__2026-06-09T08:44:15.368867+00:00', '--job-id', '6', '--raw', '--subdir', 'DAGS_FOLDER/dag_ingestion_meteo.py', '--cfg-path', '/tmp/tmp_boimt_j']
[2026-06-09T08:44:17.425+0000] {standard_task_runner.py:63} INFO - Started process 192 to run task
[2026-06-09T08:44:17.425+0000] {standard_task_runner.py:91} INFO - Job 6: Subtask fetch_marseille
[2026-06-09T08:44:17.536+0000] {task_command.py:426} INFO - Running <TaskInstance: dag_ingestion_meteo.fetch_marseille manual__2026-06-09T08:44:15.368867+00:00 [running]> on host f50649d5478e
[2026-06-09T08:44:17.741+0000] {taskinstance.py:2648} INFO - Exporting env vars: AIRFLOW_CTX_DAG_OWNER='***' AIRFLOW_CTX_DAG_ID='dag_ingestion_meteo' AIRFLOW_CTX_TASK_ID='fetch_marseille' AIRFLOW_CTX_EXECUTION_DATE='2026-06-09T08:44:15.368867+00:00' AIRFLOW_CTX_TRY_NUMBER='1' AIRFLOW_CTX_DAG_RUN_ID='manual__2026-06-09T08:44:15.368867+00:00'
[2026-06-09T08:44:17.744+0000] {taskinstance.py:430} INFO - ::endgroup::
[2026-06-09T08:44:18.118+0000] {logging_mixin.py:188} INFO - [Marseille] Reponse brute : {
  "time": "2026-06-09T10:30",
  "interval": 900,
  "temperature_2m": 24.5,
  "relative_humidity_2m": 53,
  "wind_speed_10m": 18.8
}
[2026-06-09T08:44:18.192+0000] {python.py:237} INFO - Done. Returned value was: None
[2026-06-09T08:44:18.198+0000] {taskinstance.py:441} INFO - ::group::Post task execution logs
[2026-06-09T08:44:18.217+0000] {taskinstance.py:1206} INFO - Marking task as SUCCESS. dag_id=dag_ingestion_meteo, task_id=fetch_marseille, run_id=manual__2026-06-09T08:44:15.368867+00:00, execution_date=20260609T084415, start_date=20260609T084417, end_date=20260609T084418
[2026-06-09T08:44:18.323+0000] {local_task_job_runner.py:240} INFO - Task exited with return code 0
[2026-06-09T08:44:18.340+0000] {local_task_job_runner.py:222} INFO - ::endgroup::
