[2026-06-09T08:47:46.492+0000] {local_task_job_runner.py:120} INFO - ::group::Pre task execution logs
[2026-06-09T08:47:46.533+0000] {taskinstance.py:2076} INFO - Dependencies all met for dep_context=non-requeueable deps ti=<TaskInstance: dag_meteo.load_weather manual__2026-06-09T08:47:42.571952+00:00 [queued]>
[2026-06-09T08:47:46.548+0000] {taskinstance.py:2076} INFO - Dependencies all met for dep_context=requeueable deps ti=<TaskInstance: dag_meteo.load_weather manual__2026-06-09T08:47:42.571952+00:00 [queued]>
[2026-06-09T08:47:46.549+0000] {taskinstance.py:2306} INFO - Starting attempt 1 of 1
[2026-06-09T08:47:46.566+0000] {taskinstance.py:2330} INFO - Executing <Task(PythonOperator): load_weather> on 2026-06-09 08:47:42.571952+00:00
[2026-06-09T08:47:46.576+0000] {logging_mixin.py:188} WARNING - /home/***/.local/lib/python3.12/site-packages/***/task/task_runner/standard_task_runner.py:61 DeprecationWarning: This process (pid=274) is multi-threaded, use of fork() may lead to deadlocks in the child.
[2026-06-09T08:47:46.578+0000] {standard_task_runner.py:63} INFO - Started process 275 to run task
[2026-06-09T08:47:46.576+0000] {standard_task_runner.py:90} INFO - Running: ['***', 'tasks', 'run', 'dag_meteo', 'load_weather', 'manual__2026-06-09T08:47:42.571952+00:00', '--job-id', '21', '--raw', '--subdir', 'DAGS_FOLDER/dag.py', '--cfg-path', '/tmp/tmp77qbz17o']
[2026-06-09T08:47:46.579+0000] {standard_task_runner.py:91} INFO - Job 21: Subtask load_weather
[2026-06-09T08:47:46.664+0000] {task_command.py:426} INFO - Running <TaskInstance: dag_meteo.load_weather manual__2026-06-09T08:47:42.571952+00:00 [running]> on host f50649d5478e
[2026-06-09T08:47:46.784+0000] {taskinstance.py:2648} INFO - Exporting env vars: AIRFLOW_CTX_DAG_OWNER='***' AIRFLOW_CTX_DAG_ID='dag_meteo' AIRFLOW_CTX_TASK_ID='load_weather' AIRFLOW_CTX_EXECUTION_DATE='2026-06-09T08:47:42.571952+00:00' AIRFLOW_CTX_TRY_NUMBER='1' AIRFLOW_CTX_DAG_RUN_ID='manual__2026-06-09T08:47:42.571952+00:00'
[2026-06-09T08:47:46.785+0000] {taskinstance.py:430} INFO - ::endgroup::
[2026-06-09T08:47:46.815+0000] {logging_mixin.py:188} INFO - Chargement des donnees meteo pour Paris :
[2026-06-09T08:47:46.815+0000] {logging_mixin.py:188} INFO -   Temperature  : 15.1 C
[2026-06-09T08:47:46.816+0000] {logging_mixin.py:188} INFO -   Humidite     : 58 %
[2026-06-09T08:47:46.816+0000] {logging_mixin.py:188} INFO -   Vent         : 13.7 km/h
[2026-06-09T08:47:46.817+0000] {logging_mixin.py:188} INFO - Chargement termine avec succes.
[2026-06-09T08:47:46.817+0000] {python.py:237} INFO - Done. Returned value was: None
[2026-06-09T08:47:46.817+0000] {taskinstance.py:441} INFO - ::group::Post task execution logs
[2026-06-09T08:47:46.832+0000] {taskinstance.py:1206} INFO - Marking task as SUCCESS. dag_id=dag_meteo, task_id=load_weather, run_id=manual__2026-06-09T08:47:42.571952+00:00, execution_date=20260609T084742, start_date=20260609T084746, end_date=20260609T084746
[2026-06-09T08:47:46.873+0000] {local_task_job_runner.py:240} INFO - Task exited with return code 0
[2026-06-09T08:47:46.907+0000] {taskinstance.py:3498} INFO - 0 downstream tasks scheduled from follow-on schedule check
[2026-06-09T08:47:46.921+0000] {local_task_job_runner.py:222} INFO - ::endgroup::
