[2026-06-09T14:15:58.198+0000] {local_task_job_runner.py:120} INFO - ::group::Pre task execution logs
[2026-06-09T14:15:58.275+0000] {taskinstance.py:2076} INFO - Dependencies all met for dep_context=non-requeueable deps ti=<TaskInstance: dag_pipeline_meteo.fetch_paris manual__2026-06-09T14:15:57.038628+00:00 [queued]>
[2026-06-09T14:15:58.291+0000] {taskinstance.py:2076} INFO - Dependencies all met for dep_context=requeueable deps ti=<TaskInstance: dag_pipeline_meteo.fetch_paris manual__2026-06-09T14:15:57.038628+00:00 [queued]>
[2026-06-09T14:15:58.294+0000] {taskinstance.py:2306} INFO - Starting attempt 1 of 1
[2026-06-09T14:15:58.316+0000] {taskinstance.py:2330} INFO - Executing <Task(PythonOperator): fetch_paris> on 2026-06-09 14:15:57.038628+00:00
[2026-06-09T14:15:58.334+0000] {standard_task_runner.py:90} INFO - Running: ['***', 'tasks', 'run', 'dag_pipeline_meteo', 'fetch_paris', 'manual__2026-06-09T14:15:57.038628+00:00', '--job-id', '4', '--raw', '--subdir', 'DAGS_FOLDER/dag_pipeline_meteo.py', '--cfg-path', '/tmp/tmpyka3mluc']
[2026-06-09T14:15:58.336+0000] {logging_mixin.py:188} WARNING - /home/***/.local/lib/python3.12/site-packages/***/task/task_runner/standard_task_runner.py:61 DeprecationWarning: This process (pid=198) is multi-threaded, use of fork() may lead to deadlocks in the child.
[2026-06-09T14:15:58.340+0000] {standard_task_runner.py:91} INFO - Job 4: Subtask fetch_paris
[2026-06-09T14:15:58.342+0000] {standard_task_runner.py:63} INFO - Started process 203 to run task
[2026-06-09T14:15:58.445+0000] {task_command.py:426} INFO - Running <TaskInstance: dag_pipeline_meteo.fetch_paris manual__2026-06-09T14:15:57.038628+00:00 [running]> on host fff10450e6ba
[2026-06-09T14:15:59.309+0000] {taskinstance.py:2648} INFO - Exporting env vars: AIRFLOW_CTX_DAG_OWNER='***' AIRFLOW_CTX_DAG_ID='dag_pipeline_meteo' AIRFLOW_CTX_TASK_ID='fetch_paris' AIRFLOW_CTX_EXECUTION_DATE='2026-06-09T14:15:57.038628+00:00' AIRFLOW_CTX_TRY_NUMBER='1' AIRFLOW_CTX_DAG_RUN_ID='manual__2026-06-09T14:15:57.038628+00:00'
[2026-06-09T14:15:59.310+0000] {taskinstance.py:430} INFO - ::endgroup::
[2026-06-09T14:15:59.818+0000] {logging_mixin.py:188} INFO - [Paris] Reponse brute : {
  "time": "2026-06-09T16:15",
  "interval": 900,
  "temperature_2m": 20.3,
  "relative_humidity_2m": 35,
  "wind_speed_10m": 18.8
}
[2026-06-09T14:15:59.894+0000] {python.py:237} INFO - Done. Returned value was: None
[2026-06-09T14:15:59.896+0000] {taskinstance.py:441} INFO - ::group::Post task execution logs
[2026-06-09T14:15:59.920+0000] {taskinstance.py:1206} INFO - Marking task as SUCCESS. dag_id=dag_pipeline_meteo, task_id=fetch_paris, run_id=manual__2026-06-09T14:15:57.038628+00:00, execution_date=20260609T141557, start_date=20260609T141558, end_date=20260609T141559
[2026-06-09T14:15:59.964+0000] {local_task_job_runner.py:240} INFO - Task exited with return code 0
[2026-06-09T14:15:59.998+0000] {taskinstance.py:3498} INFO - 1 downstream tasks scheduled from follow-on schedule check
[2026-06-09T14:16:00.033+0000] {local_task_job_runner.py:222} INFO - ::endgroup::
