[2026-06-09T08:47:43.313+0000] {local_task_job_runner.py:120} INFO - ::group::Pre task execution logs
[2026-06-09T08:47:43.365+0000] {taskinstance.py:2076} INFO - Dependencies all met for dep_context=non-requeueable deps ti=<TaskInstance: dag_ingestion_meteo.fetch_lyon manual__2026-06-09T08:47:42.221934+00:00 [queued]>
[2026-06-09T08:47:43.379+0000] {taskinstance.py:2076} INFO - Dependencies all met for dep_context=requeueable deps ti=<TaskInstance: dag_ingestion_meteo.fetch_lyon manual__2026-06-09T08:47:42.221934+00:00 [queued]>
[2026-06-09T08:47:43.382+0000] {taskinstance.py:2306} INFO - Starting attempt 1 of 1
[2026-06-09T08:47:43.422+0000] {taskinstance.py:2330} INFO - Executing <Task(PythonOperator): fetch_lyon> on 2026-06-09 08:47:42.221934+00:00
[2026-06-09T08:47:43.442+0000] {logging_mixin.py:188} WARNING - /home/***/.local/lib/python3.12/site-packages/***/task/task_runner/standard_task_runner.py:61 DeprecationWarning: This process (pid=259) is multi-threaded, use of fork() may lead to deadlocks in the child.
[2026-06-09T08:47:43.446+0000] {standard_task_runner.py:63} INFO - Started process 263 to run task
[2026-06-09T08:47:43.443+0000] {standard_task_runner.py:90} INFO - Running: ['***', 'tasks', 'run', 'dag_ingestion_meteo', 'fetch_lyon', 'manual__2026-06-09T08:47:42.221934+00:00', '--job-id', '14', '--raw', '--subdir', 'DAGS_FOLDER/dag_ingest_meteo.py', '--cfg-path', '/tmp/tmp3_ym8okf']
[2026-06-09T08:47:43.448+0000] {standard_task_runner.py:91} INFO - Job 14: Subtask fetch_lyon
[2026-06-09T08:47:43.586+0000] {task_command.py:426} INFO - Running <TaskInstance: dag_ingestion_meteo.fetch_lyon manual__2026-06-09T08:47:42.221934+00:00 [running]> on host f50649d5478e
[2026-06-09T08:47:43.914+0000] {taskinstance.py:2648} INFO - Exporting env vars: AIRFLOW_CTX_DAG_OWNER='***' AIRFLOW_CTX_DAG_ID='dag_ingestion_meteo' AIRFLOW_CTX_TASK_ID='fetch_lyon' AIRFLOW_CTX_EXECUTION_DATE='2026-06-09T08:47:42.221934+00:00' AIRFLOW_CTX_TRY_NUMBER='1' AIRFLOW_CTX_DAG_RUN_ID='manual__2026-06-09T08:47:42.221934+00:00'
[2026-06-09T08:47:43.917+0000] {taskinstance.py:430} INFO - ::endgroup::
[2026-06-09T08:47:44.104+0000] {logging_mixin.py:188} INFO - [Lyon] Reponse brute : {
  "time": "2026-06-09T10:45",
  "interval": 900,
  "temperature_2m": 17.4,
  "relative_humidity_2m": 64,
  "wind_speed_10m": 11.2
}
[2026-06-09T08:47:44.143+0000] {python.py:237} INFO - Done. Returned value was: None
[2026-06-09T08:47:44.145+0000] {taskinstance.py:441} INFO - ::group::Post task execution logs
[2026-06-09T08:47:44.160+0000] {taskinstance.py:1206} INFO - Marking task as SUCCESS. dag_id=dag_ingestion_meteo, task_id=fetch_lyon, run_id=manual__2026-06-09T08:47:42.221934+00:00, execution_date=20260609T084742, start_date=20260609T084743, end_date=20260609T084744
[2026-06-09T08:47:44.225+0000] {local_task_job_runner.py:240} INFO - Task exited with return code 0
[2026-06-09T08:47:44.272+0000] {taskinstance.py:3498} INFO - 1 downstream tasks scheduled from follow-on schedule check
[2026-06-09T08:47:44.284+0000] {local_task_job_runner.py:222} INFO - ::endgroup::
