[2026-06-09T08:44:19.452+0000] {local_task_job_runner.py:120} INFO - ::group::Pre task execution logs
[2026-06-09T08:44:19.501+0000] {taskinstance.py:2076} INFO - Dependencies all met for dep_context=non-requeueable deps ti=<TaskInstance: dag_ingestion_meteo.transform_lyon manual__2026-06-09T08:44:15.368867+00:00 [queued]>
[2026-06-09T08:44:19.516+0000] {taskinstance.py:2076} INFO - Dependencies all met for dep_context=requeueable deps ti=<TaskInstance: dag_ingestion_meteo.transform_lyon manual__2026-06-09T08:44:15.368867+00:00 [queued]>
[2026-06-09T08:44:19.525+0000] {taskinstance.py:2306} INFO - Starting attempt 1 of 1
[2026-06-09T08:44:19.569+0000] {taskinstance.py:2330} INFO - Executing <Task(PythonOperator): transform_lyon> on 2026-06-09 08:44:15.368867+00:00
[2026-06-09T08:44:19.586+0000] {logging_mixin.py:188} WARNING - /home/***/.local/lib/python3.12/site-packages/***/task/task_runner/standard_task_runner.py:61 DeprecationWarning: This process (pid=194) is multi-threaded, use of fork() may lead to deadlocks in the child.
[2026-06-09T08:44:19.585+0000] {standard_task_runner.py:90} INFO - Running: ['***', 'tasks', 'run', 'dag_ingestion_meteo', 'transform_lyon', 'manual__2026-06-09T08:44:15.368867+00:00', '--job-id', '9', '--raw', '--subdir', 'DAGS_FOLDER/dag_ingestion_meteo.py', '--cfg-path', '/tmp/tmpx36tcu1i']
[2026-06-09T08:44:19.589+0000] {standard_task_runner.py:63} INFO - Started process 198 to run task
[2026-06-09T08:44:19.589+0000] {standard_task_runner.py:91} INFO - Job 9: Subtask transform_lyon
[2026-06-09T08:44:19.729+0000] {task_command.py:426} INFO - Running <TaskInstance: dag_ingestion_meteo.transform_lyon manual__2026-06-09T08:44:15.368867+00:00 [running]> on host f50649d5478e
[2026-06-09T08:44:19.912+0000] {taskinstance.py:2648} INFO - Exporting env vars: AIRFLOW_CTX_DAG_OWNER='***' AIRFLOW_CTX_DAG_ID='dag_ingestion_meteo' AIRFLOW_CTX_TASK_ID='transform_lyon' AIRFLOW_CTX_EXECUTION_DATE='2026-06-09T08:44:15.368867+00:00' AIRFLOW_CTX_TRY_NUMBER='1' AIRFLOW_CTX_DAG_RUN_ID='manual__2026-06-09T08:44:15.368867+00:00'
[2026-06-09T08:44:19.915+0000] {taskinstance.py:430} INFO - ::endgroup::
[2026-06-09T08:44:19.982+0000] {logging_mixin.py:188} INFO - [Lyon] Donnees preparees : {
  "city": "Lyon",
  "timestamp": "2026-06-09T10:30",
  "temperature_c": 17.2,
  "humidity_pct": 66,
  "wind_speed_kmh": 11.6
}
[2026-06-09T08:44:20.027+0000] {python.py:237} INFO - Done. Returned value was: None
[2026-06-09T08:44:20.029+0000] {taskinstance.py:441} INFO - ::group::Post task execution logs
[2026-06-09T08:44:20.051+0000] {taskinstance.py:1206} INFO - Marking task as SUCCESS. dag_id=dag_ingestion_meteo, task_id=transform_lyon, run_id=manual__2026-06-09T08:44:15.368867+00:00, execution_date=20260609T084415, start_date=20260609T084419, end_date=20260609T084420
[2026-06-09T08:44:20.125+0000] {local_task_job_runner.py:240} INFO - Task exited with return code 0
[2026-06-09T08:44:20.177+0000] {taskinstance.py:3498} INFO - 1 downstream tasks scheduled from follow-on schedule check
[2026-06-09T08:44:20.204+0000] {local_task_job_runner.py:222} INFO - ::endgroup::
