[2026-06-09T08:47:43.234+0000] {local_task_job_runner.py:120} INFO - ::group::Pre task execution logs
[2026-06-09T08:47:43.292+0000] {taskinstance.py:2076} INFO - Dependencies all met for dep_context=non-requeueable deps ti=<TaskInstance: dag_meteo.fetch_weather manual__2026-06-09T08:47:42.571952+00:00 [queued]>
[2026-06-09T08:47:43.305+0000] {taskinstance.py:2076} INFO - Dependencies all met for dep_context=requeueable deps ti=<TaskInstance: dag_meteo.fetch_weather manual__2026-06-09T08:47:42.571952+00:00 [queued]>
[2026-06-09T08:47:43.306+0000] {taskinstance.py:2306} INFO - Starting attempt 1 of 1
[2026-06-09T08:47:43.338+0000] {taskinstance.py:2330} INFO - Executing <Task(PythonOperator): fetch_weather> on 2026-06-09 08:47:42.571952+00:00
[2026-06-09T08:47:43.354+0000] {logging_mixin.py:188} WARNING - /home/***/.local/lib/python3.12/site-packages/***/task/task_runner/standard_task_runner.py:61 DeprecationWarning: This process (pid=257) is multi-threaded, use of fork() may lead to deadlocks in the child.
[2026-06-09T08:47:43.357+0000] {standard_task_runner.py:63} INFO - Started process 261 to run task
[2026-06-09T08:47:43.354+0000] {standard_task_runner.py:90} INFO - Running: ['***', 'tasks', 'run', 'dag_meteo', 'fetch_weather', 'manual__2026-06-09T08:47:42.571952+00:00', '--job-id', '13', '--raw', '--subdir', 'DAGS_FOLDER/dag.py', '--cfg-path', '/tmp/tmpf0vrv057']
[2026-06-09T08:47:43.359+0000] {standard_task_runner.py:91} INFO - Job 13: Subtask fetch_weather
[2026-06-09T08:47:43.499+0000] {task_command.py:426} INFO - Running <TaskInstance: dag_meteo.fetch_weather manual__2026-06-09T08:47:42.571952+00:00 [running]> on host f50649d5478e
[2026-06-09T08:47:43.721+0000] {taskinstance.py:2648} INFO - Exporting env vars: AIRFLOW_CTX_DAG_OWNER='***' AIRFLOW_CTX_DAG_ID='dag_meteo' AIRFLOW_CTX_TASK_ID='fetch_weather' AIRFLOW_CTX_EXECUTION_DATE='2026-06-09T08:47:42.571952+00:00' AIRFLOW_CTX_TRY_NUMBER='1' AIRFLOW_CTX_DAG_RUN_ID='manual__2026-06-09T08:47:42.571952+00:00'
[2026-06-09T08:47:43.722+0000] {taskinstance.py:430} INFO - ::endgroup::
[2026-06-09T08:47:43.994+0000] {logging_mixin.py:188} INFO - Donnees brutes recues pour Paris : {
  "time": "2026-06-09T10:45",
  "interval": 900,
  "temperature_2m": 15.1,
  "relative_humidity_2m": 58,
  "wind_speed_10m": 13.7
}
[2026-06-09T08:47:44.051+0000] {python.py:237} INFO - Done. Returned value was: None
[2026-06-09T08:47:44.053+0000] {taskinstance.py:441} INFO - ::group::Post task execution logs
[2026-06-09T08:47:44.068+0000] {taskinstance.py:1206} INFO - Marking task as SUCCESS. dag_id=dag_meteo, task_id=fetch_weather, run_id=manual__2026-06-09T08:47:42.571952+00:00, execution_date=20260609T084742, start_date=20260609T084743, end_date=20260609T084744
[2026-06-09T08:47:44.136+0000] {local_task_job_runner.py:240} INFO - Task exited with return code 0
[2026-06-09T08:47:44.178+0000] {taskinstance.py:3498} INFO - 1 downstream tasks scheduled from follow-on schedule check
[2026-06-09T08:47:44.203+0000] {local_task_job_runner.py:222} INFO - ::endgroup::
