[2026-06-09T14:16:05.748+0000] {local_task_job_runner.py:120} INFO - ::group::Pre task execution logs
[2026-06-09T14:16:05.796+0000] {taskinstance.py:2076} INFO - Dependencies all met for dep_context=non-requeueable deps ti=<TaskInstance: dag_pipeline_meteo.log_ingestion manual__2026-06-09T14:15:57.038628+00:00 [queued]>
[2026-06-09T14:16:05.807+0000] {taskinstance.py:2076} INFO - Dependencies all met for dep_context=requeueable deps ti=<TaskInstance: dag_pipeline_meteo.log_ingestion manual__2026-06-09T14:15:57.038628+00:00 [queued]>
[2026-06-09T14:16:05.808+0000] {taskinstance.py:2306} INFO - Starting attempt 1 of 1
[2026-06-09T14:16:05.833+0000] {taskinstance.py:2330} INFO - Executing <Task(PythonOperator): log_ingestion> on 2026-06-09 14:15:57.038628+00:00
[2026-06-09T14:16:05.845+0000] {standard_task_runner.py:90} INFO - Running: ['***', 'tasks', 'run', 'dag_pipeline_meteo', 'log_ingestion', 'manual__2026-06-09T14:15:57.038628+00:00', '--job-id', '11', '--raw', '--subdir', 'DAGS_FOLDER/dag_pipeline_meteo.py', '--cfg-path', '/tmp/tmp6uxpz7iz']
[2026-06-09T14:16:05.846+0000] {logging_mixin.py:188} WARNING - /home/***/.local/lib/python3.12/site-packages/***/task/task_runner/standard_task_runner.py:61 DeprecationWarning: This process (pid=216) is multi-threaded, use of fork() may lead to deadlocks in the child.
[2026-06-09T14:16:05.849+0000] {standard_task_runner.py:91} INFO - Job 11: Subtask log_ingestion
[2026-06-09T14:16:05.849+0000] {standard_task_runner.py:63} INFO - Started process 217 to run task
[2026-06-09T14:16:05.941+0000] {task_command.py:426} INFO - Running <TaskInstance: dag_pipeline_meteo.log_ingestion manual__2026-06-09T14:15:57.038628+00:00 [running]> on host fff10450e6ba
[2026-06-09T14:16:06.036+0000] {taskinstance.py:2648} INFO - Exporting env vars: AIRFLOW_CTX_DAG_OWNER='***' AIRFLOW_CTX_DAG_ID='dag_pipeline_meteo' AIRFLOW_CTX_TASK_ID='log_ingestion' AIRFLOW_CTX_EXECUTION_DATE='2026-06-09T14:15:57.038628+00:00' AIRFLOW_CTX_TRY_NUMBER='1' AIRFLOW_CTX_DAG_RUN_ID='manual__2026-06-09T14:15:57.038628+00:00'
[2026-06-09T14:16:06.037+0000] {taskinstance.py:430} INFO - ::endgroup::
[2026-06-09T14:16:06.059+0000] {logging_mixin.py:188} WARNING - /home/***/.local/lib/python3.12/site-packages/***/utils/context.py:320 AirflowContextDeprecationWarning: Accessing 'execution_date' from the template is deprecated and will be removed in a future version. Please use 'data_interval_start' or 'logical_date' instead.
[2026-06-09T14:16:06.060+0000] {taskinstance.py:441} INFO - ::group::Post task execution logs
[2026-06-09T14:16:06.061+0000] {taskinstance.py:2905} ERROR - Task failed with exception
Traceback (most recent call last):
  File "/home/airflow/.local/lib/python3.12/site-packages/airflow/models/taskinstance.py", line 465, in _execute_task
    result = _execute_callable(context=context, **execute_callable_kwargs)
             ^^^^^^^^^^^^^^^^^^^^^^^^^^^^^^^^^^^^^^^^^^^^^^^^^^^^^^^^^^^^^
  File "/home/airflow/.local/lib/python3.12/site-packages/airflow/models/taskinstance.py", line 432, in _execute_callable
    return execute_callable(context=context, **execute_callable_kwargs)
           ^^^^^^^^^^^^^^^^^^^^^^^^^^^^^^^^^^^^^^^^^^^^^^^^^^^^^^^^^^^^
  File "/home/airflow/.local/lib/python3.12/site-packages/airflow/models/baseoperator.py", line 400, in wrapper
    return func(self, *args, **kwargs)
           ^^^^^^^^^^^^^^^^^^^^^^^^^^^
  File "/home/airflow/.local/lib/python3.12/site-packages/airflow/operators/python.py", line 235, in execute
    return_value = self.execute_callable()
                   ^^^^^^^^^^^^^^^^^^^^^^^
  File "/home/airflow/.local/lib/python3.12/site-packages/airflow/operators/python.py", line 252, in execute_callable
    return self.python_callable(*self.op_args, **self.op_kwargs)
           ^^^^^^^^^^^^^^^^^^^^^^^^^^^^^^^^^^^^^^^^^^^^^^^^^^^^^
  File "/opt/airflow/dags/dag_pipeline_meteo.py", line 97, in log_ingestion
    cur.execute(
psycopg2.ProgrammingError: can't adapt type 'Proxy'
[2026-06-09T14:16:06.075+0000] {taskinstance.py:1206} INFO - Marking task as FAILED. dag_id=dag_pipeline_meteo, task_id=log_ingestion, run_id=manual__2026-06-09T14:15:57.038628+00:00, execution_date=20260609T141557, start_date=20260609T141605, end_date=20260609T141606
[2026-06-09T14:16:06.094+0000] {standard_task_runner.py:110} ERROR - Failed to execute job 11 for task log_ingestion (can't adapt type 'Proxy'; 217)
[2026-06-09T14:16:06.144+0000] {local_task_job_runner.py:240} INFO - Task exited with return code 1
[2026-06-09T14:16:06.167+0000] {taskinstance.py:3498} INFO - 0 downstream tasks scheduled from follow-on schedule check
[2026-06-09T14:16:06.173+0000] {local_task_job_runner.py:222} INFO - ::endgroup::
