[2026-06-09T14:17:18.303+0000] {local_task_job_runner.py:120} INFO - ::group::Pre task execution logs
[2026-06-09T14:17:18.355+0000] {taskinstance.py:2076} INFO - Dependencies all met for dep_context=non-requeueable deps ti=<TaskInstance: dag_pipeline_meteo.fetch_paris manual__2026-06-09T14:17:17.541472+00:00 [queued]>
[2026-06-09T14:17:18.366+0000] {taskinstance.py:2076} INFO - Dependencies all met for dep_context=requeueable deps ti=<TaskInstance: dag_pipeline_meteo.fetch_paris manual__2026-06-09T14:17:17.541472+00:00 [queued]>
[2026-06-09T14:17:18.367+0000] {taskinstance.py:2306} INFO - Starting attempt 1 of 1
[2026-06-09T14:17:18.388+0000] {taskinstance.py:2330} INFO - Executing <Task(PythonOperator): fetch_paris> on 2026-06-09 14:17:17.541472+00:00
[2026-06-09T14:17:18.413+0000] {standard_task_runner.py:90} INFO - Running: ['***', 'tasks', 'run', 'dag_pipeline_meteo', 'fetch_paris', 'manual__2026-06-09T14:17:17.541472+00:00', '--job-id', '13', '--raw', '--subdir', 'DAGS_FOLDER/dag_pipeline_meteo.py', '--cfg-path', '/tmp/tmpgnvan6zt']
[2026-06-09T14:17:18.419+0000] {logging_mixin.py:188} WARNING - /home/***/.local/lib/python3.12/site-packages/***/task/task_runner/standard_task_runner.py:61 DeprecationWarning: This process (pid=254) is multi-threaded, use of fork() may lead to deadlocks in the child.
[2026-06-09T14:17:18.429+0000] {standard_task_runner.py:91} INFO - Job 13: Subtask fetch_paris
[2026-06-09T14:17:18.430+0000] {standard_task_runner.py:63} INFO - Started process 258 to run task
[2026-06-09T14:17:18.579+0000] {task_command.py:426} INFO - Running <TaskInstance: dag_pipeline_meteo.fetch_paris manual__2026-06-09T14:17:17.541472+00:00 [running]> on host fff10450e6ba
[2026-06-09T14:17:18.731+0000] {taskinstance.py:2648} INFO - Exporting env vars: AIRFLOW_CTX_DAG_OWNER='***' AIRFLOW_CTX_DAG_ID='dag_pipeline_meteo' AIRFLOW_CTX_TASK_ID='fetch_paris' AIRFLOW_CTX_EXECUTION_DATE='2026-06-09T14:17:17.541472+00:00' AIRFLOW_CTX_TRY_NUMBER='1' AIRFLOW_CTX_DAG_RUN_ID='manual__2026-06-09T14:17:17.541472+00:00'
[2026-06-09T14:17:18.734+0000] {taskinstance.py:430} INFO - ::endgroup::
[2026-06-09T14:17:18.988+0000] {logging_mixin.py:188} INFO - [Paris] Reponse brute : {
  "time": "2026-06-09T16:15",
  "interval": 900,
  "temperature_2m": 20.3,
  "relative_humidity_2m": 35,
  "wind_speed_10m": 18.8
}
[2026-06-09T14:17:19.033+0000] {python.py:237} INFO - Done. Returned value was: None
[2026-06-09T14:17:19.036+0000] {taskinstance.py:441} INFO - ::group::Post task execution logs
[2026-06-09T14:17:19.062+0000] {taskinstance.py:1206} INFO - Marking task as SUCCESS. dag_id=dag_pipeline_meteo, task_id=fetch_paris, run_id=manual__2026-06-09T14:17:17.541472+00:00, execution_date=20260609T141717, start_date=20260609T141718, end_date=20260609T141719
[2026-06-09T14:17:19.129+0000] {local_task_job_runner.py:240} INFO - Task exited with return code 0
[2026-06-09T14:17:19.180+0000] {taskinstance.py:3498} INFO - 1 downstream tasks scheduled from follow-on schedule check
[2026-06-09T14:17:19.185+0000] {local_task_job_runner.py:222} INFO - ::endgroup::
