[2026-06-10T09:11:09.849+0000] {local_task_job_runner.py:120} INFO - ::group::Pre task execution logs
[2026-06-10T09:11:09.891+0000] {taskinstance.py:2076} INFO - Dependencies all met for dep_context=non-requeueable deps ti=<TaskInstance: dag_meteo_v2.branch_marseille manual__2026-06-10T09:11:05.381163+00:00 [queued]>
[2026-06-10T09:11:09.901+0000] {taskinstance.py:2076} INFO - Dependencies all met for dep_context=requeueable deps ti=<TaskInstance: dag_meteo_v2.branch_marseille manual__2026-06-10T09:11:05.381163+00:00 [queued]>
[2026-06-10T09:11:09.903+0000] {taskinstance.py:2306} INFO - Starting attempt 1 of 4
[2026-06-10T09:11:09.928+0000] {taskinstance.py:2330} INFO - Executing <Task(BranchPythonOperator): branch_marseille> on 2026-06-10 09:11:05.381163+00:00
[2026-06-10T09:11:09.940+0000] {logging_mixin.py:188} WARNING - /home/***/.local/lib/python3.12/site-packages/***/task/task_runner/standard_task_runner.py:61 DeprecationWarning: This process (pid=287) is multi-threaded, use of fork() may lead to deadlocks in the child.
[2026-06-10T09:11:09.939+0000] {standard_task_runner.py:90} INFO - Running: ['***', 'tasks', 'run', 'dag_meteo_v2', 'branch_marseille', 'manual__2026-06-10T09:11:05.381163+00:00', '--job-id', '23', '--raw', '--subdir', 'DAGS_FOLDER/dag_meteo_v2.py', '--cfg-path', '/tmp/tmpofccp0mb']
[2026-06-10T09:11:09.942+0000] {standard_task_runner.py:63} INFO - Started process 289 to run task
[2026-06-10T09:11:09.943+0000] {standard_task_runner.py:91} INFO - Job 23: Subtask branch_marseille
[2026-06-10T09:11:10.033+0000] {task_command.py:426} INFO - Running <TaskInstance: dag_meteo_v2.branch_marseille manual__2026-06-10T09:11:05.381163+00:00 [running]> on host 60aeb70330b1
[2026-06-10T09:11:10.174+0000] {taskinstance.py:2648} INFO - Exporting env vars: AIRFLOW_CTX_DAG_OWNER='***' AIRFLOW_CTX_DAG_ID='dag_meteo_v2' AIRFLOW_CTX_TASK_ID='branch_marseille' AIRFLOW_CTX_EXECUTION_DATE='2026-06-10T09:11:05.381163+00:00' AIRFLOW_CTX_TRY_NUMBER='1' AIRFLOW_CTX_DAG_RUN_ID='manual__2026-06-10T09:11:05.381163+00:00'
[2026-06-10T09:11:10.175+0000] {taskinstance.py:430} INFO - ::endgroup::
[2026-06-10T09:11:10.196+0000] {baseoperator.py:399} WARNING - BranchPythonOperator.execute cannot be called outside TaskInstance!
[2026-06-10T09:11:10.213+0000] {quality.py:38} INFO - [Marseille] Controle qualite OK
[2026-06-10T09:11:10.265+0000] {dag_meteo_v2.py:51} INFO - [Marseille] Qualite OK -> chargement
[2026-06-10T09:11:10.266+0000] {python.py:237} INFO - Done. Returned value was: load_marseille
[2026-06-10T09:11:10.268+0000] {branch.py:36} INFO - Branch into load_marseille
[2026-06-10T09:11:10.269+0000] {skipmixin.py:178} INFO - Following branch load_marseille
[2026-06-10T09:11:10.296+0000] {skipmixin.py:246} INFO - Skipping tasks [('flag_anomaly_marseille', -1)]
[2026-06-10T09:11:10.348+0000] {taskinstance.py:441} INFO - ::group::Post task execution logs
[2026-06-10T09:11:10.382+0000] {taskinstance.py:1206} INFO - Marking task as SUCCESS. dag_id=dag_meteo_v2, task_id=branch_marseille, run_id=manual__2026-06-10T09:11:05.381163+00:00, execution_date=20260610T091105, start_date=20260610T091109, end_date=20260610T091110
[2026-06-10T09:11:10.439+0000] {local_task_job_runner.py:240} INFO - Task exited with return code 0
[2026-06-10T09:11:10.454+0000] {local_task_job_runner.py:222} INFO - ::endgroup::
