[2026-06-08T13:57:33.513+0000] {local_task_job_runner.py:120} INFO - ::group::Pre task execution logs
[2026-06-08T13:57:33.632+0000] {taskinstance.py:2076} INFO - Dependencies all met for dep_context=non-requeueable deps ti=<TaskInstance: dag_meteo.load_weather manual__2026-06-08T13:57:30.055858+00:00 [queued]>
[2026-06-08T13:57:33.664+0000] {taskinstance.py:2076} INFO - Dependencies all met for dep_context=requeueable deps ti=<TaskInstance: dag_meteo.load_weather manual__2026-06-08T13:57:30.055858+00:00 [queued]>
[2026-06-08T13:57:33.666+0000] {taskinstance.py:2306} INFO - Starting attempt 1 of 1
[2026-06-08T13:57:33.704+0000] {taskinstance.py:2330} INFO - Executing <Task(PythonOperator): load_weather> on 2026-06-08 13:57:30.055858+00:00
[2026-06-08T13:57:33.734+0000] {logging_mixin.py:188} WARNING - /home/***/.local/lib/python3.12/site-packages/***/task/task_runner/standard_task_runner.py:61 DeprecationWarning: This process (pid=182) is multi-threaded, use of fork() may lead to deadlocks in the child.
[2026-06-08T13:57:33.744+0000] {standard_task_runner.py:63} INFO - Started process 183 to run task
[2026-06-08T13:57:33.733+0000] {standard_task_runner.py:90} INFO - Running: ['***', 'tasks', 'run', 'dag_meteo', 'load_weather', 'manual__2026-06-08T13:57:30.055858+00:00', '--job-id', '4', '--raw', '--subdir', 'DAGS_FOLDER/dag.py', '--cfg-path', '/tmp/tmp9sph_7a5']
[2026-06-08T13:57:33.748+0000] {standard_task_runner.py:91} INFO - Job 4: Subtask load_weather
[2026-06-08T13:57:33.874+0000] {task_command.py:426} INFO - Running <TaskInstance: dag_meteo.load_weather manual__2026-06-08T13:57:30.055858+00:00 [running]> on host 7230148f3f72
[2026-06-08T13:57:34.042+0000] {taskinstance.py:2648} INFO - Exporting env vars: AIRFLOW_CTX_DAG_OWNER='***' AIRFLOW_CTX_DAG_ID='dag_meteo' AIRFLOW_CTX_TASK_ID='load_weather' AIRFLOW_CTX_EXECUTION_DATE='2026-06-08T13:57:30.055858+00:00' AIRFLOW_CTX_TRY_NUMBER='1' AIRFLOW_CTX_DAG_RUN_ID='manual__2026-06-08T13:57:30.055858+00:00'
[2026-06-08T13:57:34.045+0000] {taskinstance.py:430} INFO - ::endgroup::
[2026-06-08T13:57:34.081+0000] {logging_mixin.py:188} INFO - Chargement des donnees meteo pour Paris :
[2026-06-08T13:57:34.084+0000] {logging_mixin.py:188} INFO -   Temperature  : 22.1 C
[2026-06-08T13:57:34.085+0000] {logging_mixin.py:188} INFO -   Humidite     : 45 %
[2026-06-08T13:57:34.085+0000] {logging_mixin.py:188} INFO -   Vent         : 17.4 km/h
[2026-06-08T13:57:34.086+0000] {logging_mixin.py:188} INFO - Chargement termine avec succes.
[2026-06-08T13:57:34.087+0000] {python.py:237} INFO - Done. Returned value was: None
[2026-06-08T13:57:34.087+0000] {taskinstance.py:441} INFO - ::group::Post task execution logs
[2026-06-08T13:57:34.100+0000] {taskinstance.py:1206} INFO - Marking task as SUCCESS. dag_id=dag_meteo, task_id=load_weather, run_id=manual__2026-06-08T13:57:30.055858+00:00, execution_date=20260608T135730, start_date=20260608T135733, end_date=20260608T135734
[2026-06-08T13:57:34.161+0000] {local_task_job_runner.py:240} INFO - Task exited with return code 0
[2026-06-08T13:57:34.181+0000] {taskinstance.py:3498} INFO - 0 downstream tasks scheduled from follow-on schedule check
[2026-06-08T13:57:34.184+0000] {local_task_job_runner.py:222} INFO - ::endgroup::
