[2026-06-09T08:47:46.564+0000] {local_task_job_runner.py:120} INFO - ::group::Pre task execution logs
[2026-06-09T08:47:46.608+0000] {taskinstance.py:2076} INFO - Dependencies all met for dep_context=non-requeueable deps ti=<TaskInstance: dag_ingestion_meteo.collect_all manual__2026-06-09T08:47:42.221934+00:00 [queued]>
[2026-06-09T08:47:46.620+0000] {taskinstance.py:2076} INFO - Dependencies all met for dep_context=requeueable deps ti=<TaskInstance: dag_ingestion_meteo.collect_all manual__2026-06-09T08:47:42.221934+00:00 [queued]>
[2026-06-09T08:47:46.621+0000] {taskinstance.py:2306} INFO - Starting attempt 1 of 1
[2026-06-09T08:47:46.647+0000] {taskinstance.py:2330} INFO - Executing <Task(PythonOperator): collect_all> on 2026-06-09 08:47:42.221934+00:00
[2026-06-09T08:47:46.661+0000] {standard_task_runner.py:90} INFO - Running: ['***', 'tasks', 'run', 'dag_ingestion_meteo', 'collect_all', 'manual__2026-06-09T08:47:42.221934+00:00', '--job-id', '22', '--raw', '--subdir', 'DAGS_FOLDER/dag_ingest_meteo.py', '--cfg-path', '/tmp/tmpiqoml7v2']
[2026-06-09T08:47:46.662+0000] {logging_mixin.py:188} WARNING - /home/***/.local/lib/python3.12/site-packages/***/task/task_runner/standard_task_runner.py:61 DeprecationWarning: This process (pid=273) is multi-threaded, use of fork() may lead to deadlocks in the child.
[2026-06-09T08:47:46.664+0000] {standard_task_runner.py:91} INFO - Job 22: Subtask collect_all
[2026-06-09T08:47:46.664+0000] {standard_task_runner.py:63} INFO - Started process 276 to run task
[2026-06-09T08:47:46.746+0000] {task_command.py:426} INFO - Running <TaskInstance: dag_ingestion_meteo.collect_all manual__2026-06-09T08:47:42.221934+00:00 [running]> on host f50649d5478e
[2026-06-09T08:47:46.876+0000] {taskinstance.py:2648} INFO - Exporting env vars: AIRFLOW_CTX_DAG_OWNER='***' AIRFLOW_CTX_DAG_ID='dag_ingestion_meteo' AIRFLOW_CTX_TASK_ID='collect_all' AIRFLOW_CTX_EXECUTION_DATE='2026-06-09T08:47:42.221934+00:00' AIRFLOW_CTX_TRY_NUMBER='1' AIRFLOW_CTX_DAG_RUN_ID='manual__2026-06-09T08:47:42.221934+00:00'
[2026-06-09T08:47:46.878+0000] {taskinstance.py:430} INFO - ::endgroup::
[2026-06-09T08:47:46.945+0000] {logging_mixin.py:188} INFO - 
Apercu des donnees preparees pour chargement :
[2026-06-09T08:47:46.946+0000] {logging_mixin.py:188} INFO - Ville        Horodatage             Temp (C)  Humidite (%)  Vent (km/h)
[2026-06-09T08:47:46.947+0000] {logging_mixin.py:188} INFO - ------------------------------------------------------------------------
[2026-06-09T08:47:46.947+0000] {logging_mixin.py:188} INFO - Paris        2026-06-09T10:45           15.1            58         13.7
[2026-06-09T08:47:46.948+0000] {logging_mixin.py:188} INFO - Lyon         2026-06-09T10:45           17.4            64         11.2
[2026-06-09T08:47:46.949+0000] {logging_mixin.py:188} INFO - Marseille    2026-06-09T10:45           25.0            49         19.7
[2026-06-09T08:47:46.949+0000] {python.py:237} INFO - Done. Returned value was: None
[2026-06-09T08:47:46.950+0000] {taskinstance.py:441} INFO - ::group::Post task execution logs
[2026-06-09T08:47:46.963+0000] {taskinstance.py:1206} INFO - Marking task as SUCCESS. dag_id=dag_ingestion_meteo, task_id=collect_all, run_id=manual__2026-06-09T08:47:42.221934+00:00, execution_date=20260609T084742, start_date=20260609T084746, end_date=20260609T084746
[2026-06-09T08:47:47.039+0000] {local_task_job_runner.py:240} INFO - Task exited with return code 0
[2026-06-09T08:47:47.061+0000] {taskinstance.py:3498} INFO - 0 downstream tasks scheduled from follow-on schedule check
[2026-06-09T08:47:47.066+0000] {local_task_job_runner.py:222} INFO - ::endgroup::
