[2026-06-09T08:44:21.895+0000] {local_task_job_runner.py:120} INFO - ::group::Pre task execution logs
[2026-06-09T08:44:21.934+0000] {taskinstance.py:2076} INFO - Dependencies all met for dep_context=non-requeueable deps ti=<TaskInstance: dag_ingestion_meteo.collect_all manual__2026-06-09T08:44:15.368867+00:00 [queued]>
[2026-06-09T08:44:21.943+0000] {taskinstance.py:2076} INFO - Dependencies all met for dep_context=requeueable deps ti=<TaskInstance: dag_ingestion_meteo.collect_all manual__2026-06-09T08:44:15.368867+00:00 [queued]>
[2026-06-09T08:44:21.945+0000] {taskinstance.py:2306} INFO - Starting attempt 1 of 1
[2026-06-09T08:44:21.982+0000] {taskinstance.py:2330} INFO - Executing <Task(PythonOperator): collect_all> on 2026-06-09 08:44:15.368867+00:00
[2026-06-09T08:44:21.992+0000] {logging_mixin.py:188} WARNING - /home/***/.local/lib/python3.12/site-packages/***/task/task_runner/standard_task_runner.py:61 DeprecationWarning: This process (pid=200) is multi-threaded, use of fork() may lead to deadlocks in the child.
[2026-06-09T08:44:21.994+0000] {standard_task_runner.py:63} INFO - Started process 201 to run task
[2026-06-09T08:44:21.992+0000] {standard_task_runner.py:90} INFO - Running: ['***', 'tasks', 'run', 'dag_ingestion_meteo', 'collect_all', 'manual__2026-06-09T08:44:15.368867+00:00', '--job-id', '12', '--raw', '--subdir', 'DAGS_FOLDER/dag_ingestion_meteo.py', '--cfg-path', '/tmp/tmpxubtdaph']
[2026-06-09T08:44:21.995+0000] {standard_task_runner.py:91} INFO - Job 12: Subtask collect_all
[2026-06-09T08:44:22.084+0000] {task_command.py:426} INFO - Running <TaskInstance: dag_ingestion_meteo.collect_all manual__2026-06-09T08:44:15.368867+00:00 [running]> on host f50649d5478e
[2026-06-09T08:44:22.210+0000] {taskinstance.py:2648} INFO - Exporting env vars: AIRFLOW_CTX_DAG_OWNER='***' AIRFLOW_CTX_DAG_ID='dag_ingestion_meteo' AIRFLOW_CTX_TASK_ID='collect_all' AIRFLOW_CTX_EXECUTION_DATE='2026-06-09T08:44:15.368867+00:00' AIRFLOW_CTX_TRY_NUMBER='1' AIRFLOW_CTX_DAG_RUN_ID='manual__2026-06-09T08:44:15.368867+00:00'
[2026-06-09T08:44:22.214+0000] {taskinstance.py:430} INFO - ::endgroup::
[2026-06-09T08:44:22.271+0000] {logging_mixin.py:188} INFO - 
Apercu des donnees preparees pour chargement :
[2026-06-09T08:44:22.272+0000] {logging_mixin.py:188} INFO - Ville        Horodatage             Temp (C)  Humidite (%)  Vent (km/h)
[2026-06-09T08:44:22.272+0000] {logging_mixin.py:188} INFO - ------------------------------------------------------------------------
[2026-06-09T08:44:22.273+0000] {logging_mixin.py:188} INFO - Paris        2026-06-09T10:30           14.9            59         14.1
[2026-06-09T08:44:22.274+0000] {logging_mixin.py:188} INFO - Lyon         2026-06-09T10:30           17.2            66         11.6
[2026-06-09T08:44:22.274+0000] {logging_mixin.py:188} INFO - Marseille    2026-06-09T10:30           24.5            53         18.8
[2026-06-09T08:44:22.275+0000] {python.py:237} INFO - Done. Returned value was: None
[2026-06-09T08:44:22.276+0000] {taskinstance.py:441} INFO - ::group::Post task execution logs
[2026-06-09T08:44:22.294+0000] {taskinstance.py:1206} INFO - Marking task as SUCCESS. dag_id=dag_ingestion_meteo, task_id=collect_all, run_id=manual__2026-06-09T08:44:15.368867+00:00, execution_date=20260609T084415, start_date=20260609T084421, end_date=20260609T084422
[2026-06-09T08:44:22.329+0000] {local_task_job_runner.py:240} INFO - Task exited with return code 0
[2026-06-09T08:44:22.351+0000] {taskinstance.py:3498} INFO - 0 downstream tasks scheduled from follow-on schedule check
[2026-06-09T08:44:22.359+0000] {local_task_job_runner.py:222} INFO - ::endgroup::
