[2026-06-09T08:44:19.450+0000] {local_task_job_runner.py:120} INFO - ::group::Pre task execution logs
[2026-06-09T08:44:19.498+0000] {taskinstance.py:2076} INFO - Dependencies all met for dep_context=non-requeueable deps ti=<TaskInstance: dag_ingestion_meteo.transform_marseille manual__2026-06-09T08:44:15.368867+00:00 [queued]>
[2026-06-09T08:44:19.513+0000] {taskinstance.py:2076} INFO - Dependencies all met for dep_context=requeueable deps ti=<TaskInstance: dag_ingestion_meteo.transform_marseille manual__2026-06-09T08:44:15.368867+00:00 [queued]>
[2026-06-09T08:44:19.517+0000] {taskinstance.py:2306} INFO - Starting attempt 1 of 1
[2026-06-09T08:44:19.569+0000] {taskinstance.py:2330} INFO - Executing <Task(PythonOperator): transform_marseille> on 2026-06-09 08:44:15.368867+00:00
[2026-06-09T08:44:19.586+0000] {logging_mixin.py:188} WARNING - /home/***/.local/lib/python3.12/site-packages/***/task/task_runner/standard_task_runner.py:61 DeprecationWarning: This process (pid=196) is multi-threaded, use of fork() may lead to deadlocks in the child.
[2026-06-09T08:44:19.586+0000] {standard_task_runner.py:90} INFO - Running: ['***', 'tasks', 'run', 'dag_ingestion_meteo', 'transform_marseille', 'manual__2026-06-09T08:44:15.368867+00:00', '--job-id', '10', '--raw', '--subdir', 'DAGS_FOLDER/dag_ingestion_meteo.py', '--cfg-path', '/tmp/tmp4ch6b3z2']
[2026-06-09T08:44:19.589+0000] {standard_task_runner.py:63} INFO - Started process 199 to run task
[2026-06-09T08:44:19.589+0000] {standard_task_runner.py:91} INFO - Job 10: Subtask transform_marseille
[2026-06-09T08:44:19.725+0000] {task_command.py:426} INFO - Running <TaskInstance: dag_ingestion_meteo.transform_marseille manual__2026-06-09T08:44:15.368867+00:00 [running]> on host f50649d5478e
[2026-06-09T08:44:19.964+0000] {taskinstance.py:2648} INFO - Exporting env vars: AIRFLOW_CTX_DAG_OWNER='***' AIRFLOW_CTX_DAG_ID='dag_ingestion_meteo' AIRFLOW_CTX_TASK_ID='transform_marseille' AIRFLOW_CTX_EXECUTION_DATE='2026-06-09T08:44:15.368867+00:00' AIRFLOW_CTX_TRY_NUMBER='1' AIRFLOW_CTX_DAG_RUN_ID='manual__2026-06-09T08:44:15.368867+00:00'
[2026-06-09T08:44:19.965+0000] {taskinstance.py:430} INFO - ::endgroup::
[2026-06-09T08:44:20.025+0000] {logging_mixin.py:188} INFO - [Marseille] Donnees preparees : {
  "city": "Marseille",
  "timestamp": "2026-06-09T10:30",
  "temperature_c": 24.5,
  "humidity_pct": 53,
  "wind_speed_kmh": 18.8
}
[2026-06-09T08:44:20.073+0000] {python.py:237} INFO - Done. Returned value was: None
[2026-06-09T08:44:20.078+0000] {taskinstance.py:441} INFO - ::group::Post task execution logs
[2026-06-09T08:44:20.105+0000] {taskinstance.py:1206} INFO - Marking task as SUCCESS. dag_id=dag_ingestion_meteo, task_id=transform_marseille, run_id=manual__2026-06-09T08:44:15.368867+00:00, execution_date=20260609T084415, start_date=20260609T084419, end_date=20260609T084420
[2026-06-09T08:44:20.206+0000] {local_task_job_runner.py:240} INFO - Task exited with return code 0
[2026-06-09T08:44:20.240+0000] {taskinstance.py:3498} INFO - 0 downstream tasks scheduled from follow-on schedule check
[2026-06-09T08:44:20.260+0000] {local_task_job_runner.py:222} INFO - ::endgroup::
