[2026-06-09T08:43:29.414+0000] {processor.py:161} INFO - Started process (PID=171) to work on /opt/airflow/dags/dag.py
[2026-06-09T08:43:29.416+0000] {processor.py:830} INFO - Processing file /opt/airflow/dags/dag.py for tasks to queue
[2026-06-09T08:43:29.420+0000] {logging_mixin.py:188} INFO - [2026-06-09T08:43:29.419+0000] {dagbag.py:545} INFO - Filling up the DagBag from /opt/airflow/dags/dag.py
[2026-06-09T08:43:29.467+0000] {processor.py:840} INFO - DAG(s) 'dag_meteo' retrieved from /opt/airflow/dags/dag.py
[2026-06-09T08:43:29.935+0000] {logging_mixin.py:188} INFO - [2026-06-09T08:43:29.935+0000] {dag.py:3096} INFO - Sync 1 DAGs
[2026-06-09T08:43:29.952+0000] {logging_mixin.py:188} INFO - [2026-06-09T08:43:29.952+0000] {dag.py:3954} INFO - Setting next_dagrun for dag_meteo to None, run_after=None
[2026-06-09T08:43:34.870+0000] {processor.py:183} INFO - Processing /opt/airflow/dags/dag.py took 5.470 seconds
[2026-06-09T08:44:05.046+0000] {processor.py:161} INFO - Started process (PID=181) to work on /opt/airflow/dags/dag.py
[2026-06-09T08:44:05.048+0000] {processor.py:830} INFO - Processing file /opt/airflow/dags/dag.py for tasks to queue
[2026-06-09T08:44:05.051+0000] {logging_mixin.py:188} INFO - [2026-06-09T08:44:05.050+0000] {dagbag.py:545} INFO - Filling up the DagBag from /opt/airflow/dags/dag.py
[2026-06-09T08:44:05.174+0000] {processor.py:840} INFO - DAG(s) 'dag_meteo' retrieved from /opt/airflow/dags/dag.py
[2026-06-09T08:44:05.218+0000] {logging_mixin.py:188} INFO - [2026-06-09T08:44:05.218+0000] {dag.py:3096} INFO - Sync 1 DAGs
[2026-06-09T08:44:05.237+0000] {logging_mixin.py:188} INFO - [2026-06-09T08:44:05.237+0000] {dag.py:3954} INFO - Setting next_dagrun for dag_meteo to None, run_after=None
[2026-06-09T08:44:05.443+0000] {processor.py:183} INFO - Processing /opt/airflow/dags/dag.py took 0.408 seconds
[2026-06-09T08:44:35.741+0000] {processor.py:161} INFO - Started process (PID=205) to work on /opt/airflow/dags/dag.py
[2026-06-09T08:44:35.742+0000] {processor.py:830} INFO - Processing file /opt/airflow/dags/dag.py for tasks to queue
[2026-06-09T08:44:35.745+0000] {logging_mixin.py:188} INFO - [2026-06-09T08:44:35.744+0000] {dagbag.py:545} INFO - Filling up the DagBag from /opt/airflow/dags/dag.py
[2026-06-09T08:44:35.768+0000] {processor.py:840} INFO - DAG(s) 'dag_meteo' retrieved from /opt/airflow/dags/dag.py
[2026-06-09T08:44:35.802+0000] {logging_mixin.py:188} INFO - [2026-06-09T08:44:35.801+0000] {dag.py:3096} INFO - Sync 1 DAGs
[2026-06-09T08:44:35.819+0000] {logging_mixin.py:188} INFO - [2026-06-09T08:44:35.818+0000] {dag.py:3954} INFO - Setting next_dagrun for dag_meteo to None, run_after=None
[2026-06-09T08:44:35.877+0000] {processor.py:183} INFO - Processing /opt/airflow/dags/dag.py took 0.143 seconds
[2026-06-09T08:45:05.989+0000] {processor.py:161} INFO - Started process (PID=215) to work on /opt/airflow/dags/dag.py
[2026-06-09T08:45:05.992+0000] {processor.py:830} INFO - Processing file /opt/airflow/dags/dag.py for tasks to queue
[2026-06-09T08:45:06.000+0000] {logging_mixin.py:188} INFO - [2026-06-09T08:45:05.999+0000] {dagbag.py:545} INFO - Filling up the DagBag from /opt/airflow/dags/dag.py
[2026-06-09T08:45:06.041+0000] {processor.py:840} INFO - DAG(s) 'dag_meteo' retrieved from /opt/airflow/dags/dag.py
[2026-06-09T08:45:06.118+0000] {logging_mixin.py:188} INFO - [2026-06-09T08:45:06.117+0000] {dag.py:3096} INFO - Sync 1 DAGs
[2026-06-09T08:45:06.149+0000] {logging_mixin.py:188} INFO - [2026-06-09T08:45:06.149+0000] {dag.py:3954} INFO - Setting next_dagrun for dag_meteo to None, run_after=None
[2026-06-09T08:45:06.188+0000] {processor.py:183} INFO - Processing /opt/airflow/dags/dag.py took 0.215 seconds
[2026-06-09T08:45:36.460+0000] {processor.py:161} INFO - Started process (PID=225) to work on /opt/airflow/dags/dag.py
[2026-06-09T08:45:36.461+0000] {processor.py:830} INFO - Processing file /opt/airflow/dags/dag.py for tasks to queue
[2026-06-09T08:45:36.464+0000] {logging_mixin.py:188} INFO - [2026-06-09T08:45:36.463+0000] {dagbag.py:545} INFO - Filling up the DagBag from /opt/airflow/dags/dag.py
[2026-06-09T08:45:36.489+0000] {processor.py:840} INFO - DAG(s) 'dag_meteo' retrieved from /opt/airflow/dags/dag.py
[2026-06-09T08:45:36.525+0000] {logging_mixin.py:188} INFO - [2026-06-09T08:45:36.525+0000] {dag.py:3096} INFO - Sync 1 DAGs
[2026-06-09T08:45:36.544+0000] {logging_mixin.py:188} INFO - [2026-06-09T08:45:36.543+0000] {dag.py:3954} INFO - Setting next_dagrun for dag_meteo to None, run_after=None
[2026-06-09T08:45:36.571+0000] {processor.py:183} INFO - Processing /opt/airflow/dags/dag.py took 0.119 seconds
[2026-06-09T08:46:06.929+0000] {processor.py:161} INFO - Started process (PID=235) to work on /opt/airflow/dags/dag.py
[2026-06-09T08:46:06.931+0000] {processor.py:830} INFO - Processing file /opt/airflow/dags/dag.py for tasks to queue
[2026-06-09T08:46:06.934+0000] {logging_mixin.py:188} INFO - [2026-06-09T08:46:06.933+0000] {dagbag.py:545} INFO - Filling up the DagBag from /opt/airflow/dags/dag.py
[2026-06-09T08:46:06.960+0000] {processor.py:840} INFO - DAG(s) 'dag_meteo' retrieved from /opt/airflow/dags/dag.py
[2026-06-09T08:46:07.000+0000] {logging_mixin.py:188} INFO - [2026-06-09T08:46:07.000+0000] {dag.py:3096} INFO - Sync 1 DAGs
[2026-06-09T08:46:07.036+0000] {logging_mixin.py:188} INFO - [2026-06-09T08:46:07.036+0000] {dag.py:3954} INFO - Setting next_dagrun for dag_meteo to None, run_after=None
[2026-06-09T08:46:07.071+0000] {processor.py:183} INFO - Processing /opt/airflow/dags/dag.py took 0.151 seconds
[2026-06-09T08:46:37.373+0000] {processor.py:161} INFO - Started process (PID=242) to work on /opt/airflow/dags/dag.py
[2026-06-09T08:46:37.375+0000] {processor.py:830} INFO - Processing file /opt/airflow/dags/dag.py for tasks to queue
[2026-06-09T08:46:37.376+0000] {logging_mixin.py:188} INFO - [2026-06-09T08:46:37.376+0000] {dagbag.py:545} INFO - Filling up the DagBag from /opt/airflow/dags/dag.py
[2026-06-09T08:46:37.409+0000] {processor.py:840} INFO - DAG(s) 'dag_meteo' retrieved from /opt/airflow/dags/dag.py
[2026-06-09T08:46:37.452+0000] {logging_mixin.py:188} INFO - [2026-06-09T08:46:37.451+0000] {dag.py:3096} INFO - Sync 1 DAGs
[2026-06-09T08:46:37.476+0000] {logging_mixin.py:188} INFO - [2026-06-09T08:46:37.476+0000] {dag.py:3954} INFO - Setting next_dagrun for dag_meteo to None, run_after=None
[2026-06-09T08:46:37.508+0000] {processor.py:183} INFO - Processing /opt/airflow/dags/dag.py took 0.145 seconds
[2026-06-09T08:47:07.575+0000] {processor.py:161} INFO - Started process (PID=247) to work on /opt/airflow/dags/dag.py
[2026-06-09T08:47:07.577+0000] {processor.py:830} INFO - Processing file /opt/airflow/dags/dag.py for tasks to queue
[2026-06-09T08:47:07.579+0000] {logging_mixin.py:188} INFO - [2026-06-09T08:47:07.578+0000] {dagbag.py:545} INFO - Filling up the DagBag from /opt/airflow/dags/dag.py
[2026-06-09T08:47:07.604+0000] {processor.py:840} INFO - DAG(s) 'dag_meteo' retrieved from /opt/airflow/dags/dag.py
[2026-06-09T08:47:07.639+0000] {logging_mixin.py:188} INFO - [2026-06-09T08:47:07.639+0000] {dag.py:3096} INFO - Sync 1 DAGs
[2026-06-09T08:47:07.656+0000] {logging_mixin.py:188} INFO - [2026-06-09T08:47:07.655+0000] {dag.py:3954} INFO - Setting next_dagrun for dag_meteo to None, run_after=None
[2026-06-09T08:47:07.681+0000] {processor.py:183} INFO - Processing /opt/airflow/dags/dag.py took 0.114 seconds
[2026-06-09T08:47:37.774+0000] {processor.py:161} INFO - Started process (PID=252) to work on /opt/airflow/dags/dag.py
[2026-06-09T08:47:37.824+0000] {processor.py:830} INFO - Processing file /opt/airflow/dags/dag.py for tasks to queue
[2026-06-09T08:47:37.827+0000] {logging_mixin.py:188} INFO - [2026-06-09T08:47:37.826+0000] {dagbag.py:545} INFO - Filling up the DagBag from /opt/airflow/dags/dag.py
[2026-06-09T08:47:37.878+0000] {processor.py:840} INFO - DAG(s) 'dag_meteo' retrieved from /opt/airflow/dags/dag.py
[2026-06-09T08:47:37.914+0000] {logging_mixin.py:188} INFO - [2026-06-09T08:47:37.914+0000] {dag.py:3096} INFO - Sync 1 DAGs
[2026-06-09T08:47:37.931+0000] {logging_mixin.py:188} INFO - [2026-06-09T08:47:37.930+0000] {dag.py:3954} INFO - Setting next_dagrun for dag_meteo to None, run_after=None
[2026-06-09T08:47:37.966+0000] {processor.py:183} INFO - Processing /opt/airflow/dags/dag.py took 0.200 seconds
[2026-06-09T08:48:08.091+0000] {processor.py:161} INFO - Started process (PID=277) to work on /opt/airflow/dags/dag.py
[2026-06-09T08:48:08.094+0000] {processor.py:830} INFO - Processing file /opt/airflow/dags/dag.py for tasks to queue
[2026-06-09T08:48:08.095+0000] {logging_mixin.py:188} INFO - [2026-06-09T08:48:08.095+0000] {dagbag.py:545} INFO - Filling up the DagBag from /opt/airflow/dags/dag.py
[2026-06-09T08:48:08.122+0000] {processor.py:840} INFO - DAG(s) 'dag_meteo' retrieved from /opt/airflow/dags/dag.py
[2026-06-09T08:48:08.159+0000] {logging_mixin.py:188} INFO - [2026-06-09T08:48:08.159+0000] {dag.py:3096} INFO - Sync 1 DAGs
[2026-06-09T08:48:08.179+0000] {logging_mixin.py:188} INFO - [2026-06-09T08:48:08.179+0000] {dag.py:3954} INFO - Setting next_dagrun for dag_meteo to None, run_after=None
[2026-06-09T08:48:08.206+0000] {processor.py:183} INFO - Processing /opt/airflow/dags/dag.py took 0.121 seconds
[2026-06-09T08:48:38.485+0000] {processor.py:161} INFO - Started process (PID=287) to work on /opt/airflow/dags/dag.py
[2026-06-09T08:48:38.486+0000] {processor.py:830} INFO - Processing file /opt/airflow/dags/dag.py for tasks to queue
[2026-06-09T08:48:38.487+0000] {logging_mixin.py:188} INFO - [2026-06-09T08:48:38.487+0000] {dagbag.py:545} INFO - Filling up the DagBag from /opt/airflow/dags/dag.py
[2026-06-09T08:48:38.511+0000] {processor.py:840} INFO - DAG(s) 'dag_meteo' retrieved from /opt/airflow/dags/dag.py
[2026-06-09T08:48:38.544+0000] {logging_mixin.py:188} INFO - [2026-06-09T08:48:38.544+0000] {dag.py:3096} INFO - Sync 1 DAGs
[2026-06-09T08:48:38.562+0000] {logging_mixin.py:188} INFO - [2026-06-09T08:48:38.562+0000] {dag.py:3954} INFO - Setting next_dagrun for dag_meteo to None, run_after=None
[2026-06-09T08:48:38.612+0000] {processor.py:183} INFO - Processing /opt/airflow/dags/dag.py took 0.134 seconds
[2026-06-09T08:49:08.896+0000] {processor.py:161} INFO - Started process (PID=297) to work on /opt/airflow/dags/dag.py
[2026-06-09T08:49:08.898+0000] {processor.py:830} INFO - Processing file /opt/airflow/dags/dag.py for tasks to queue
[2026-06-09T08:49:08.900+0000] {logging_mixin.py:188} INFO - [2026-06-09T08:49:08.899+0000] {dagbag.py:545} INFO - Filling up the DagBag from /opt/airflow/dags/dag.py
[2026-06-09T08:49:08.927+0000] {processor.py:840} INFO - DAG(s) 'dag_meteo' retrieved from /opt/airflow/dags/dag.py
[2026-06-09T08:49:08.961+0000] {logging_mixin.py:188} INFO - [2026-06-09T08:49:08.960+0000] {dag.py:3096} INFO - Sync 1 DAGs
[2026-06-09T08:49:08.976+0000] {logging_mixin.py:188} INFO - [2026-06-09T08:49:08.976+0000] {dag.py:3954} INFO - Setting next_dagrun for dag_meteo to None, run_after=None
[2026-06-09T08:49:09.005+0000] {processor.py:183} INFO - Processing /opt/airflow/dags/dag.py took 0.116 seconds
[2026-06-09T08:49:39.276+0000] {processor.py:161} INFO - Started process (PID=307) to work on /opt/airflow/dags/dag.py
[2026-06-09T08:49:39.277+0000] {processor.py:830} INFO - Processing file /opt/airflow/dags/dag.py for tasks to queue
[2026-06-09T08:49:39.278+0000] {logging_mixin.py:188} INFO - [2026-06-09T08:49:39.278+0000] {dagbag.py:545} INFO - Filling up the DagBag from /opt/airflow/dags/dag.py
[2026-06-09T08:49:39.306+0000] {processor.py:840} INFO - DAG(s) 'dag_meteo' retrieved from /opt/airflow/dags/dag.py
[2026-06-09T08:49:39.340+0000] {logging_mixin.py:188} INFO - [2026-06-09T08:49:39.340+0000] {dag.py:3096} INFO - Sync 1 DAGs
[2026-06-09T08:49:39.356+0000] {logging_mixin.py:188} INFO - [2026-06-09T08:49:39.356+0000] {dag.py:3954} INFO - Setting next_dagrun for dag_meteo to None, run_after=None
[2026-06-09T08:49:39.381+0000] {processor.py:183} INFO - Processing /opt/airflow/dags/dag.py took 0.113 seconds
[2026-06-09T08:50:09.666+0000] {processor.py:161} INFO - Started process (PID=317) to work on /opt/airflow/dags/dag.py
[2026-06-09T08:50:09.667+0000] {processor.py:830} INFO - Processing file /opt/airflow/dags/dag.py for tasks to queue
[2026-06-09T08:50:09.668+0000] {logging_mixin.py:188} INFO - [2026-06-09T08:50:09.668+0000] {dagbag.py:545} INFO - Filling up the DagBag from /opt/airflow/dags/dag.py
[2026-06-09T08:50:09.692+0000] {processor.py:840} INFO - DAG(s) 'dag_meteo' retrieved from /opt/airflow/dags/dag.py
[2026-06-09T08:50:09.732+0000] {logging_mixin.py:188} INFO - [2026-06-09T08:50:09.731+0000] {dag.py:3096} INFO - Sync 1 DAGs
[2026-06-09T08:50:09.752+0000] {logging_mixin.py:188} INFO - [2026-06-09T08:50:09.752+0000] {dag.py:3954} INFO - Setting next_dagrun for dag_meteo to None, run_after=None
[2026-06-09T08:50:09.777+0000] {processor.py:183} INFO - Processing /opt/airflow/dags/dag.py took 0.119 seconds
[2026-06-09T08:50:40.079+0000] {processor.py:161} INFO - Started process (PID=327) to work on /opt/airflow/dags/dag.py
[2026-06-09T08:50:40.080+0000] {processor.py:830} INFO - Processing file /opt/airflow/dags/dag.py for tasks to queue
[2026-06-09T08:50:40.081+0000] {logging_mixin.py:188} INFO - [2026-06-09T08:50:40.081+0000] {dagbag.py:545} INFO - Filling up the DagBag from /opt/airflow/dags/dag.py
[2026-06-09T08:50:40.111+0000] {processor.py:840} INFO - DAG(s) 'dag_meteo' retrieved from /opt/airflow/dags/dag.py
[2026-06-09T08:50:40.158+0000] {logging_mixin.py:188} INFO - [2026-06-09T08:50:40.158+0000] {dag.py:3096} INFO - Sync 1 DAGs
[2026-06-09T08:50:40.182+0000] {logging_mixin.py:188} INFO - [2026-06-09T08:50:40.182+0000] {dag.py:3954} INFO - Setting next_dagrun for dag_meteo to None, run_after=None
[2026-06-09T08:50:40.224+0000] {processor.py:183} INFO - Processing /opt/airflow/dags/dag.py took 0.153 seconds
[2026-06-09T08:51:10.565+0000] {processor.py:161} INFO - Started process (PID=337) to work on /opt/airflow/dags/dag.py
[2026-06-09T08:51:10.568+0000] {processor.py:830} INFO - Processing file /opt/airflow/dags/dag.py for tasks to queue
[2026-06-09T08:51:10.570+0000] {logging_mixin.py:188} INFO - [2026-06-09T08:51:10.570+0000] {dagbag.py:545} INFO - Filling up the DagBag from /opt/airflow/dags/dag.py
[2026-06-09T08:51:10.621+0000] {processor.py:840} INFO - DAG(s) 'dag_meteo' retrieved from /opt/airflow/dags/dag.py
[2026-06-09T08:51:10.694+0000] {logging_mixin.py:188} INFO - [2026-06-09T08:51:10.694+0000] {dag.py:3096} INFO - Sync 1 DAGs
[2026-06-09T08:51:10.727+0000] {logging_mixin.py:188} INFO - [2026-06-09T08:51:10.727+0000] {dag.py:3954} INFO - Setting next_dagrun for dag_meteo to None, run_after=None
[2026-06-09T08:51:10.782+0000] {processor.py:183} INFO - Processing /opt/airflow/dags/dag.py took 0.226 seconds
[2026-06-09T08:51:41.073+0000] {processor.py:161} INFO - Started process (PID=347) to work on /opt/airflow/dags/dag.py
[2026-06-09T08:51:41.075+0000] {processor.py:830} INFO - Processing file /opt/airflow/dags/dag.py for tasks to queue
[2026-06-09T08:51:41.077+0000] {logging_mixin.py:188} INFO - [2026-06-09T08:51:41.077+0000] {dagbag.py:545} INFO - Filling up the DagBag from /opt/airflow/dags/dag.py
[2026-06-09T08:51:41.244+0000] {processor.py:840} INFO - DAG(s) 'dag_meteo' retrieved from /opt/airflow/dags/dag.py
[2026-06-09T08:51:41.336+0000] {logging_mixin.py:188} INFO - [2026-06-09T08:51:41.336+0000] {dag.py:3096} INFO - Sync 1 DAGs
[2026-06-09T08:51:41.413+0000] {logging_mixin.py:188} INFO - [2026-06-09T08:51:41.412+0000] {dag.py:3954} INFO - Setting next_dagrun for dag_meteo to None, run_after=None
[2026-06-09T08:51:41.505+0000] {processor.py:183} INFO - Processing /opt/airflow/dags/dag.py took 0.442 seconds
[2026-06-09T08:52:11.703+0000] {processor.py:161} INFO - Started process (PID=357) to work on /opt/airflow/dags/dag.py
[2026-06-09T08:52:11.707+0000] {processor.py:830} INFO - Processing file /opt/airflow/dags/dag.py for tasks to queue
[2026-06-09T08:52:11.709+0000] {logging_mixin.py:188} INFO - [2026-06-09T08:52:11.709+0000] {dagbag.py:545} INFO - Filling up the DagBag from /opt/airflow/dags/dag.py
[2026-06-09T08:52:11.747+0000] {processor.py:840} INFO - DAG(s) 'dag_meteo' retrieved from /opt/airflow/dags/dag.py
[2026-06-09T08:52:11.796+0000] {logging_mixin.py:188} INFO - [2026-06-09T08:52:11.796+0000] {dag.py:3096} INFO - Sync 1 DAGs
[2026-06-09T08:52:11.817+0000] {logging_mixin.py:188} INFO - [2026-06-09T08:52:11.817+0000] {dag.py:3954} INFO - Setting next_dagrun for dag_meteo to None, run_after=None
[2026-06-09T08:52:11.848+0000] {processor.py:183} INFO - Processing /opt/airflow/dags/dag.py took 0.155 seconds
[2026-06-09T08:52:42.119+0000] {processor.py:161} INFO - Started process (PID=367) to work on /opt/airflow/dags/dag.py
[2026-06-09T08:52:42.120+0000] {processor.py:830} INFO - Processing file /opt/airflow/dags/dag.py for tasks to queue
[2026-06-09T08:52:42.123+0000] {logging_mixin.py:188} INFO - [2026-06-09T08:52:42.122+0000] {dagbag.py:545} INFO - Filling up the DagBag from /opt/airflow/dags/dag.py
[2026-06-09T08:52:42.160+0000] {processor.py:840} INFO - DAG(s) 'dag_meteo' retrieved from /opt/airflow/dags/dag.py
[2026-06-09T08:52:42.206+0000] {logging_mixin.py:188} INFO - [2026-06-09T08:52:42.206+0000] {dag.py:3096} INFO - Sync 1 DAGs
[2026-06-09T08:52:42.229+0000] {logging_mixin.py:188} INFO - [2026-06-09T08:52:42.229+0000] {dag.py:3954} INFO - Setting next_dagrun for dag_meteo to None, run_after=None
[2026-06-09T08:52:42.255+0000] {processor.py:183} INFO - Processing /opt/airflow/dags/dag.py took 0.144 seconds
[2026-06-09T08:53:12.368+0000] {processor.py:161} INFO - Started process (PID=377) to work on /opt/airflow/dags/dag.py
[2026-06-09T08:53:12.370+0000] {processor.py:830} INFO - Processing file /opt/airflow/dags/dag.py for tasks to queue
[2026-06-09T08:53:12.371+0000] {logging_mixin.py:188} INFO - [2026-06-09T08:53:12.370+0000] {dagbag.py:545} INFO - Filling up the DagBag from /opt/airflow/dags/dag.py
[2026-06-09T08:53:12.399+0000] {processor.py:840} INFO - DAG(s) 'dag_meteo' retrieved from /opt/airflow/dags/dag.py
[2026-06-09T08:53:12.431+0000] {logging_mixin.py:188} INFO - [2026-06-09T08:53:12.430+0000] {dag.py:3096} INFO - Sync 1 DAGs
[2026-06-09T08:53:12.447+0000] {logging_mixin.py:188} INFO - [2026-06-09T08:53:12.447+0000] {dag.py:3954} INFO - Setting next_dagrun for dag_meteo to None, run_after=None
[2026-06-09T08:53:12.477+0000] {processor.py:183} INFO - Processing /opt/airflow/dags/dag.py took 0.115 seconds
