[2026-06-09T08:48:29.408+0000] {processor.py:161} INFO - Started process (PID=282) to work on /opt/airflow/dags/dag_ingest_meteo.py
[2026-06-09T08:48:29.410+0000] {processor.py:830} INFO - Processing file /opt/airflow/dags/dag_ingest_meteo.py for tasks to queue
[2026-06-09T08:48:29.411+0000] {logging_mixin.py:188} INFO - [2026-06-09T08:48:29.410+0000] {dagbag.py:545} INFO - Filling up the DagBag from /opt/airflow/dags/dag_ingest_meteo.py
[2026-06-09T08:48:29.434+0000] {processor.py:840} INFO - DAG(s) 'dag_ingestion_meteo' retrieved from /opt/airflow/dags/dag_ingest_meteo.py
[2026-06-09T08:48:29.613+0000] {logging_mixin.py:188} INFO - [2026-06-09T08:48:29.613+0000] {dag.py:3096} INFO - Sync 1 DAGs
[2026-06-09T08:48:29.627+0000] {logging_mixin.py:188} INFO - [2026-06-09T08:48:29.627+0000] {dag.py:3954} INFO - Setting next_dagrun for dag_ingestion_meteo to None, run_after=None
[2026-06-09T08:48:29.949+0000] {processor.py:183} INFO - Processing /opt/airflow/dags/dag_ingest_meteo.py took 0.549 seconds
[2026-06-09T08:49:00.701+0000] {processor.py:161} INFO - Started process (PID=292) to work on /opt/airflow/dags/dag_ingest_meteo.py
[2026-06-09T08:49:00.703+0000] {processor.py:830} INFO - Processing file /opt/airflow/dags/dag_ingest_meteo.py for tasks to queue
[2026-06-09T08:49:00.705+0000] {logging_mixin.py:188} INFO - [2026-06-09T08:49:00.704+0000] {dagbag.py:545} INFO - Filling up the DagBag from /opt/airflow/dags/dag_ingest_meteo.py
[2026-06-09T08:49:00.745+0000] {processor.py:840} INFO - DAG(s) 'dag_ingestion_meteo' retrieved from /opt/airflow/dags/dag_ingest_meteo.py
[2026-06-09T08:49:00.791+0000] {logging_mixin.py:188} INFO - [2026-06-09T08:49:00.791+0000] {dag.py:3096} INFO - Sync 1 DAGs
[2026-06-09T08:49:00.810+0000] {logging_mixin.py:188} INFO - [2026-06-09T08:49:00.810+0000] {dag.py:3954} INFO - Setting next_dagrun for dag_ingestion_meteo to None, run_after=None
[2026-06-09T08:49:00.837+0000] {processor.py:183} INFO - Processing /opt/airflow/dags/dag_ingest_meteo.py took 0.146 seconds
[2026-06-09T08:49:31.155+0000] {processor.py:161} INFO - Started process (PID=302) to work on /opt/airflow/dags/dag_ingest_meteo.py
[2026-06-09T08:49:31.157+0000] {processor.py:830} INFO - Processing file /opt/airflow/dags/dag_ingest_meteo.py for tasks to queue
[2026-06-09T08:49:31.159+0000] {logging_mixin.py:188} INFO - [2026-06-09T08:49:31.158+0000] {dagbag.py:545} INFO - Filling up the DagBag from /opt/airflow/dags/dag_ingest_meteo.py
[2026-06-09T08:49:31.230+0000] {processor.py:840} INFO - DAG(s) 'dag_ingestion_meteo' retrieved from /opt/airflow/dags/dag_ingest_meteo.py
[2026-06-09T08:49:31.337+0000] {logging_mixin.py:188} INFO - [2026-06-09T08:49:31.336+0000] {dag.py:3096} INFO - Sync 1 DAGs
[2026-06-09T08:49:31.387+0000] {logging_mixin.py:188} INFO - [2026-06-09T08:49:31.387+0000] {dag.py:3954} INFO - Setting next_dagrun for dag_ingestion_meteo to None, run_after=None
[2026-06-09T08:49:31.462+0000] {processor.py:183} INFO - Processing /opt/airflow/dags/dag_ingest_meteo.py took 0.321 seconds
[2026-06-09T08:50:01.667+0000] {processor.py:161} INFO - Started process (PID=312) to work on /opt/airflow/dags/dag_ingest_meteo.py
[2026-06-09T08:50:01.669+0000] {processor.py:830} INFO - Processing file /opt/airflow/dags/dag_ingest_meteo.py for tasks to queue
[2026-06-09T08:50:01.671+0000] {logging_mixin.py:188} INFO - [2026-06-09T08:50:01.671+0000] {dagbag.py:545} INFO - Filling up the DagBag from /opt/airflow/dags/dag_ingest_meteo.py
[2026-06-09T08:50:01.725+0000] {processor.py:840} INFO - DAG(s) 'dag_ingestion_meteo' retrieved from /opt/airflow/dags/dag_ingest_meteo.py
[2026-06-09T08:50:01.769+0000] {logging_mixin.py:188} INFO - [2026-06-09T08:50:01.768+0000] {dag.py:3096} INFO - Sync 1 DAGs
[2026-06-09T08:50:01.786+0000] {logging_mixin.py:188} INFO - [2026-06-09T08:50:01.786+0000] {dag.py:3954} INFO - Setting next_dagrun for dag_ingestion_meteo to None, run_after=None
[2026-06-09T08:50:01.814+0000] {processor.py:183} INFO - Processing /opt/airflow/dags/dag_ingest_meteo.py took 0.160 seconds
[2026-06-09T08:50:32.006+0000] {processor.py:161} INFO - Started process (PID=322) to work on /opt/airflow/dags/dag_ingest_meteo.py
[2026-06-09T08:50:32.008+0000] {processor.py:830} INFO - Processing file /opt/airflow/dags/dag_ingest_meteo.py for tasks to queue
[2026-06-09T08:50:32.009+0000] {logging_mixin.py:188} INFO - [2026-06-09T08:50:32.009+0000] {dagbag.py:545} INFO - Filling up the DagBag from /opt/airflow/dags/dag_ingest_meteo.py
[2026-06-09T08:50:32.045+0000] {processor.py:840} INFO - DAG(s) 'dag_ingestion_meteo' retrieved from /opt/airflow/dags/dag_ingest_meteo.py
[2026-06-09T08:50:32.093+0000] {logging_mixin.py:188} INFO - [2026-06-09T08:50:32.092+0000] {dag.py:3096} INFO - Sync 1 DAGs
[2026-06-09T08:50:32.117+0000] {logging_mixin.py:188} INFO - [2026-06-09T08:50:32.116+0000] {dag.py:3954} INFO - Setting next_dagrun for dag_ingestion_meteo to None, run_after=None
[2026-06-09T08:50:32.146+0000] {processor.py:183} INFO - Processing /opt/airflow/dags/dag_ingest_meteo.py took 0.151 seconds
[2026-06-09T08:51:02.467+0000] {processor.py:161} INFO - Started process (PID=332) to work on /opt/airflow/dags/dag_ingest_meteo.py
[2026-06-09T08:51:02.470+0000] {processor.py:830} INFO - Processing file /opt/airflow/dags/dag_ingest_meteo.py for tasks to queue
[2026-06-09T08:51:02.473+0000] {logging_mixin.py:188} INFO - [2026-06-09T08:51:02.472+0000] {dagbag.py:545} INFO - Filling up the DagBag from /opt/airflow/dags/dag_ingest_meteo.py
[2026-06-09T08:51:02.514+0000] {processor.py:840} INFO - DAG(s) 'dag_ingestion_meteo' retrieved from /opt/airflow/dags/dag_ingest_meteo.py
[2026-06-09T08:51:02.577+0000] {logging_mixin.py:188} INFO - [2026-06-09T08:51:02.576+0000] {dag.py:3096} INFO - Sync 1 DAGs
[2026-06-09T08:51:02.602+0000] {logging_mixin.py:188} INFO - [2026-06-09T08:51:02.601+0000] {dag.py:3954} INFO - Setting next_dagrun for dag_ingestion_meteo to None, run_after=None
[2026-06-09T08:51:02.634+0000] {processor.py:183} INFO - Processing /opt/airflow/dags/dag_ingest_meteo.py took 0.185 seconds
[2026-06-09T08:51:32.914+0000] {processor.py:161} INFO - Started process (PID=342) to work on /opt/airflow/dags/dag_ingest_meteo.py
[2026-06-09T08:51:32.915+0000] {processor.py:830} INFO - Processing file /opt/airflow/dags/dag_ingest_meteo.py for tasks to queue
[2026-06-09T08:51:32.917+0000] {logging_mixin.py:188} INFO - [2026-06-09T08:51:32.916+0000] {dagbag.py:545} INFO - Filling up the DagBag from /opt/airflow/dags/dag_ingest_meteo.py
[2026-06-09T08:51:32.954+0000] {processor.py:840} INFO - DAG(s) 'dag_ingestion_meteo' retrieved from /opt/airflow/dags/dag_ingest_meteo.py
[2026-06-09T08:51:33.003+0000] {logging_mixin.py:188} INFO - [2026-06-09T08:51:33.002+0000] {dag.py:3096} INFO - Sync 1 DAGs
[2026-06-09T08:51:33.025+0000] {logging_mixin.py:188} INFO - [2026-06-09T08:51:33.024+0000] {dag.py:3954} INFO - Setting next_dagrun for dag_ingestion_meteo to None, run_after=None
[2026-06-09T08:51:33.063+0000] {processor.py:183} INFO - Processing /opt/airflow/dags/dag_ingest_meteo.py took 0.158 seconds
[2026-06-09T08:52:03.443+0000] {processor.py:161} INFO - Started process (PID=352) to work on /opt/airflow/dags/dag_ingest_meteo.py
[2026-06-09T08:52:03.445+0000] {processor.py:830} INFO - Processing file /opt/airflow/dags/dag_ingest_meteo.py for tasks to queue
[2026-06-09T08:52:03.446+0000] {logging_mixin.py:188} INFO - [2026-06-09T08:52:03.446+0000] {dagbag.py:545} INFO - Filling up the DagBag from /opt/airflow/dags/dag_ingest_meteo.py
[2026-06-09T08:52:03.479+0000] {processor.py:840} INFO - DAG(s) 'dag_ingestion_meteo' retrieved from /opt/airflow/dags/dag_ingest_meteo.py
[2026-06-09T08:52:03.530+0000] {logging_mixin.py:188} INFO - [2026-06-09T08:52:03.530+0000] {dag.py:3096} INFO - Sync 1 DAGs
[2026-06-09T08:52:03.551+0000] {logging_mixin.py:188} INFO - [2026-06-09T08:52:03.551+0000] {dag.py:3954} INFO - Setting next_dagrun for dag_ingestion_meteo to None, run_after=None
[2026-06-09T08:52:03.580+0000] {processor.py:183} INFO - Processing /opt/airflow/dags/dag_ingest_meteo.py took 0.147 seconds
[2026-06-09T08:52:33.899+0000] {processor.py:161} INFO - Started process (PID=362) to work on /opt/airflow/dags/dag_ingest_meteo.py
[2026-06-09T08:52:33.900+0000] {processor.py:830} INFO - Processing file /opt/airflow/dags/dag_ingest_meteo.py for tasks to queue
[2026-06-09T08:52:33.902+0000] {logging_mixin.py:188} INFO - [2026-06-09T08:52:33.901+0000] {dagbag.py:545} INFO - Filling up the DagBag from /opt/airflow/dags/dag_ingest_meteo.py
[2026-06-09T08:52:33.932+0000] {processor.py:840} INFO - DAG(s) 'dag_ingestion_meteo' retrieved from /opt/airflow/dags/dag_ingest_meteo.py
[2026-06-09T08:52:33.976+0000] {logging_mixin.py:188} INFO - [2026-06-09T08:52:33.975+0000] {dag.py:3096} INFO - Sync 1 DAGs
[2026-06-09T08:52:33.996+0000] {logging_mixin.py:188} INFO - [2026-06-09T08:52:33.996+0000] {dag.py:3954} INFO - Setting next_dagrun for dag_ingestion_meteo to None, run_after=None
[2026-06-09T08:52:34.024+0000] {processor.py:183} INFO - Processing /opt/airflow/dags/dag_ingest_meteo.py took 0.134 seconds
[2026-06-09T08:53:04.293+0000] {processor.py:161} INFO - Started process (PID=372) to work on /opt/airflow/dags/dag_ingest_meteo.py
[2026-06-09T08:53:04.295+0000] {processor.py:830} INFO - Processing file /opt/airflow/dags/dag_ingest_meteo.py for tasks to queue
[2026-06-09T08:53:04.296+0000] {logging_mixin.py:188} INFO - [2026-06-09T08:53:04.295+0000] {dagbag.py:545} INFO - Filling up the DagBag from /opt/airflow/dags/dag_ingest_meteo.py
[2026-06-09T08:53:04.320+0000] {processor.py:840} INFO - DAG(s) 'dag_ingestion_meteo' retrieved from /opt/airflow/dags/dag_ingest_meteo.py
[2026-06-09T08:53:04.362+0000] {logging_mixin.py:188} INFO - [2026-06-09T08:53:04.362+0000] {dag.py:3096} INFO - Sync 1 DAGs
[2026-06-09T08:53:04.379+0000] {logging_mixin.py:188} INFO - [2026-06-09T08:53:04.379+0000] {dag.py:3954} INFO - Setting next_dagrun for dag_ingestion_meteo to None, run_after=None
[2026-06-09T08:53:04.401+0000] {processor.py:183} INFO - Processing /opt/airflow/dags/dag_ingest_meteo.py took 0.116 seconds
