[2026-06-08T13:57:31.101+0000] {local_task_job_runner.py:120} INFO - ::group::Pre task execution logs
[2026-06-08T13:57:31.149+0000] {taskinstance.py:2076} INFO - Dependencies all met for dep_context=non-requeueable deps ti=<TaskInstance: dag_meteo.fetch_weather manual__2026-06-08T13:57:30.055858+00:00 [queued]>
[2026-06-08T13:57:31.163+0000] {taskinstance.py:2076} INFO - Dependencies all met for dep_context=requeueable deps ti=<TaskInstance: dag_meteo.fetch_weather manual__2026-06-08T13:57:30.055858+00:00 [queued]>
[2026-06-08T13:57:31.164+0000] {taskinstance.py:2306} INFO - Starting attempt 1 of 1
[2026-06-08T13:57:31.184+0000] {taskinstance.py:2330} INFO - Executing <Task(PythonOperator): fetch_weather> on 2026-06-08 13:57:30.055858+00:00
[2026-06-08T13:57:31.199+0000] {logging_mixin.py:188} WARNING - /home/***/.local/lib/python3.12/site-packages/***/task/task_runner/standard_task_runner.py:61 DeprecationWarning: This process (pid=178) is multi-threaded, use of fork() may lead to deadlocks in the child.
[2026-06-08T13:57:31.198+0000] {standard_task_runner.py:90} INFO - Running: ['***', 'tasks', 'run', 'dag_meteo', 'fetch_weather', 'manual__2026-06-08T13:57:30.055858+00:00', '--job-id', '2', '--raw', '--subdir', 'DAGS_FOLDER/dag.py', '--cfg-path', '/tmp/tmppmm0d3y8']
[2026-06-08T13:57:31.201+0000] {standard_task_runner.py:63} INFO - Started process 179 to run task
[2026-06-08T13:57:31.202+0000] {standard_task_runner.py:91} INFO - Job 2: Subtask fetch_weather
[2026-06-08T13:57:31.297+0000] {task_command.py:426} INFO - Running <TaskInstance: dag_meteo.fetch_weather manual__2026-06-08T13:57:30.055858+00:00 [running]> on host 7230148f3f72
[2026-06-08T13:57:31.441+0000] {taskinstance.py:2648} INFO - Exporting env vars: AIRFLOW_CTX_DAG_OWNER='***' AIRFLOW_CTX_DAG_ID='dag_meteo' AIRFLOW_CTX_TASK_ID='fetch_weather' AIRFLOW_CTX_EXECUTION_DATE='2026-06-08T13:57:30.055858+00:00' AIRFLOW_CTX_TRY_NUMBER='1' AIRFLOW_CTX_DAG_RUN_ID='manual__2026-06-08T13:57:30.055858+00:00'
[2026-06-08T13:57:31.442+0000] {taskinstance.py:430} INFO - ::endgroup::
[2026-06-08T13:57:31.668+0000] {logging_mixin.py:188} INFO - Donnees brutes recues pour Paris : {
  "time": "2026-06-08T15:45",
  "interval": 900,
  "temperature_2m": 22.1,
  "relative_humidity_2m": 45,
  "wind_speed_10m": 17.4
}
[2026-06-08T13:57:31.686+0000] {python.py:237} INFO - Done. Returned value was: None
[2026-06-08T13:57:31.687+0000] {taskinstance.py:441} INFO - ::group::Post task execution logs
[2026-06-08T13:57:31.699+0000] {taskinstance.py:1206} INFO - Marking task as SUCCESS. dag_id=dag_meteo, task_id=fetch_weather, run_id=manual__2026-06-08T13:57:30.055858+00:00, execution_date=20260608T135730, start_date=20260608T135731, end_date=20260608T135731
[2026-06-08T13:57:31.738+0000] {local_task_job_runner.py:240} INFO - Task exited with return code 0
[2026-06-08T13:57:31.769+0000] {taskinstance.py:3498} INFO - 1 downstream tasks scheduled from follow-on schedule check
[2026-06-08T13:57:31.772+0000] {local_task_job_runner.py:222} INFO - ::endgroup::
