[2026-06-09T08:47:43.314+0000] {local_task_job_runner.py:120} INFO - ::group::Pre task execution logs
[2026-06-09T08:47:43.363+0000] {taskinstance.py:2076} INFO - Dependencies all met for dep_context=non-requeueable deps ti=<TaskInstance: dag_ingestion_meteo.fetch_marseille manual__2026-06-09T08:47:42.221934+00:00 [queued]>
[2026-06-09T08:47:43.379+0000] {taskinstance.py:2076} INFO - Dependencies all met for dep_context=requeueable deps ti=<TaskInstance: dag_ingestion_meteo.fetch_marseille manual__2026-06-09T08:47:42.221934+00:00 [queued]>
[2026-06-09T08:47:43.382+0000] {taskinstance.py:2306} INFO - Starting attempt 1 of 1
[2026-06-09T08:47:43.420+0000] {taskinstance.py:2330} INFO - Executing <Task(PythonOperator): fetch_marseille> on 2026-06-09 08:47:42.221934+00:00
[2026-06-09T08:47:43.437+0000] {logging_mixin.py:188} WARNING - /home/***/.local/lib/python3.12/site-packages/***/task/task_runner/standard_task_runner.py:61 DeprecationWarning: This process (pid=258) is multi-threaded, use of fork() may lead to deadlocks in the child.
[2026-06-09T08:47:43.436+0000] {standard_task_runner.py:90} INFO - Running: ['***', 'tasks', 'run', 'dag_ingestion_meteo', 'fetch_marseille', 'manual__2026-06-09T08:47:42.221934+00:00', '--job-id', '15', '--raw', '--subdir', 'DAGS_FOLDER/dag_ingest_meteo.py', '--cfg-path', '/tmp/tmp7c9lj7as']
[2026-06-09T08:47:43.442+0000] {standard_task_runner.py:63} INFO - Started process 262 to run task
[2026-06-09T08:47:43.443+0000] {standard_task_runner.py:91} INFO - Job 15: Subtask fetch_marseille
[2026-06-09T08:47:43.584+0000] {task_command.py:426} INFO - Running <TaskInstance: dag_ingestion_meteo.fetch_marseille manual__2026-06-09T08:47:42.221934+00:00 [running]> on host f50649d5478e
[2026-06-09T08:47:43.883+0000] {taskinstance.py:2648} INFO - Exporting env vars: AIRFLOW_CTX_DAG_OWNER='***' AIRFLOW_CTX_DAG_ID='dag_ingestion_meteo' AIRFLOW_CTX_TASK_ID='fetch_marseille' AIRFLOW_CTX_EXECUTION_DATE='2026-06-09T08:47:42.221934+00:00' AIRFLOW_CTX_TRY_NUMBER='1' AIRFLOW_CTX_DAG_RUN_ID='manual__2026-06-09T08:47:42.221934+00:00'
[2026-06-09T08:47:43.885+0000] {taskinstance.py:430} INFO - ::endgroup::
[2026-06-09T08:47:44.068+0000] {logging_mixin.py:188} INFO - [Marseille] Reponse brute : {
  "time": "2026-06-09T10:45",
  "interval": 900,
  "temperature_2m": 25.0,
  "relative_humidity_2m": 49,
  "wind_speed_10m": 19.7
}
[2026-06-09T08:47:44.109+0000] {python.py:237} INFO - Done. Returned value was: None
[2026-06-09T08:47:44.111+0000] {taskinstance.py:441} INFO - ::group::Post task execution logs
[2026-06-09T08:47:44.125+0000] {taskinstance.py:1206} INFO - Marking task as SUCCESS. dag_id=dag_ingestion_meteo, task_id=fetch_marseille, run_id=manual__2026-06-09T08:47:42.221934+00:00, execution_date=20260609T084742, start_date=20260609T084743, end_date=20260609T084744
[2026-06-09T08:47:44.182+0000] {local_task_job_runner.py:240} INFO - Task exited with return code 0
[2026-06-09T08:47:44.199+0000] {local_task_job_runner.py:222} INFO - ::endgroup::
