[2026-06-09T14:17:22.277+0000] {local_task_job_runner.py:120} INFO - ::group::Pre task execution logs
[2026-06-09T14:17:22.315+0000] {taskinstance.py:2076} INFO - Dependencies all met for dep_context=non-requeueable deps ti=<TaskInstance: dag_pipeline_meteo.log_ingestion manual__2026-06-09T14:17:17.541472+00:00 [queued]>
[2026-06-09T14:17:22.326+0000] {taskinstance.py:2076} INFO - Dependencies all met for dep_context=requeueable deps ti=<TaskInstance: dag_pipeline_meteo.log_ingestion manual__2026-06-09T14:17:17.541472+00:00 [queued]>
[2026-06-09T14:17:22.328+0000] {taskinstance.py:2306} INFO - Starting attempt 1 of 1
[2026-06-09T14:17:22.343+0000] {taskinstance.py:2330} INFO - Executing <Task(PythonOperator): log_ingestion> on 2026-06-09 14:17:17.541472+00:00
[2026-06-09T14:17:22.355+0000] {logging_mixin.py:188} WARNING - /home/***/.local/lib/python3.12/site-packages/***/task/task_runner/standard_task_runner.py:61 DeprecationWarning: This process (pid=271) is multi-threaded, use of fork() may lead to deadlocks in the child.
[2026-06-09T14:17:22.354+0000] {standard_task_runner.py:90} INFO - Running: ['***', 'tasks', 'run', 'dag_pipeline_meteo', 'log_ingestion', 'manual__2026-06-09T14:17:17.541472+00:00', '--job-id', '21', '--raw', '--subdir', 'DAGS_FOLDER/dag_pipeline_meteo.py', '--cfg-path', '/tmp/tmp2l8aojs0']
[2026-06-09T14:17:22.357+0000] {standard_task_runner.py:63} INFO - Started process 272 to run task
[2026-06-09T14:17:22.357+0000] {standard_task_runner.py:91} INFO - Job 21: Subtask log_ingestion
[2026-06-09T14:17:22.421+0000] {task_command.py:426} INFO - Running <TaskInstance: dag_pipeline_meteo.log_ingestion manual__2026-06-09T14:17:17.541472+00:00 [running]> on host fff10450e6ba
[2026-06-09T14:17:22.511+0000] {taskinstance.py:2648} INFO - Exporting env vars: AIRFLOW_CTX_DAG_OWNER='***' AIRFLOW_CTX_DAG_ID='dag_pipeline_meteo' AIRFLOW_CTX_TASK_ID='log_ingestion' AIRFLOW_CTX_EXECUTION_DATE='2026-06-09T14:17:17.541472+00:00' AIRFLOW_CTX_TRY_NUMBER='1' AIRFLOW_CTX_DAG_RUN_ID='manual__2026-06-09T14:17:17.541472+00:00'
[2026-06-09T14:17:22.512+0000] {taskinstance.py:430} INFO - ::endgroup::
[2026-06-09T14:17:22.534+0000] {logging_mixin.py:188} INFO - Suivi d'ingestion (5 derniers runs) :
[2026-06-09T14:17:22.534+0000] {logging_mixin.py:188} INFO - id   dag_run_id                                    villes lignes
[2026-06-09T14:17:22.535+0000] {logging_mixin.py:188} INFO - -----------------------------------------------------------------
[2026-06-09T14:17:22.535+0000] {logging_mixin.py:188} INFO - 1    manual__2026-06-09T14:17:17.541472+00:00           3 success
[2026-06-09T14:17:22.536+0000] {python.py:237} INFO - Done. Returned value was: None
[2026-06-09T14:17:22.536+0000] {taskinstance.py:441} INFO - ::group::Post task execution logs
[2026-06-09T14:17:22.547+0000] {taskinstance.py:1206} INFO - Marking task as SUCCESS. dag_id=dag_pipeline_meteo, task_id=log_ingestion, run_id=manual__2026-06-09T14:17:17.541472+00:00, execution_date=20260609T141717, start_date=20260609T141722, end_date=20260609T141722
[2026-06-09T14:17:22.571+0000] {local_task_job_runner.py:240} INFO - Task exited with return code 0
[2026-06-09T14:17:22.592+0000] {taskinstance.py:3498} INFO - 0 downstream tasks scheduled from follow-on schedule check
[2026-06-09T14:17:22.594+0000] {local_task_job_runner.py:222} INFO - ::endgroup::
