[2026-06-10T09:16:20.525+0000] {local_task_job_runner.py:120} INFO - ::group::Pre task execution logs
[2026-06-10T09:16:20.578+0000] {taskinstance.py:2076} INFO - Dependencies all met for dep_context=non-requeueable deps ti=<TaskInstance: dag_meteo_v2.fetch_marseille manual__2026-06-10T09:16:19.352005+00:00 [queued]>
[2026-06-10T09:16:20.592+0000] {taskinstance.py:2076} INFO - Dependencies all met for dep_context=requeueable deps ti=<TaskInstance: dag_meteo_v2.fetch_marseille manual__2026-06-10T09:16:19.352005+00:00 [queued]>
[2026-06-10T09:16:20.593+0000] {taskinstance.py:2306} INFO - Starting attempt 1 of 4
[2026-06-10T09:16:20.640+0000] {taskinstance.py:2330} INFO - Executing <Task(PythonOperator): fetch_marseille> on 2026-06-10 09:16:19.352005+00:00
[2026-06-10T09:16:20.657+0000] {logging_mixin.py:188} WARNING - /home/***/.local/lib/python3.12/site-packages/***/task/task_runner/standard_task_runner.py:61 DeprecationWarning: This process (pid=175) is multi-threaded, use of fork() may lead to deadlocks in the child.
[2026-06-10T09:16:20.656+0000] {standard_task_runner.py:90} INFO - Running: ['***', 'tasks', 'run', 'dag_meteo_v2', 'fetch_marseille', 'manual__2026-06-10T09:16:19.352005+00:00', '--job-id', '42', '--raw', '--subdir', 'DAGS_FOLDER/dag_meteo_v2.py', '--cfg-path', '/tmp/tmpqxb4pnxs']
[2026-06-10T09:16:20.660+0000] {standard_task_runner.py:63} INFO - Started process 178 to run task
[2026-06-10T09:16:20.661+0000] {standard_task_runner.py:91} INFO - Job 42: Subtask fetch_marseille
[2026-06-10T09:16:20.777+0000] {task_command.py:426} INFO - Running <TaskInstance: dag_meteo_v2.fetch_marseille manual__2026-06-10T09:16:19.352005+00:00 [running]> on host 819a743992b5
[2026-06-10T09:16:20.926+0000] {taskinstance.py:2648} INFO - Exporting env vars: AIRFLOW_CTX_DAG_OWNER='***' AIRFLOW_CTX_DAG_ID='dag_meteo_v2' AIRFLOW_CTX_TASK_ID='fetch_marseille' AIRFLOW_CTX_EXECUTION_DATE='2026-06-10T09:16:19.352005+00:00' AIRFLOW_CTX_TRY_NUMBER='1' AIRFLOW_CTX_DAG_RUN_ID='manual__2026-06-10T09:16:19.352005+00:00'
[2026-06-10T09:16:20.930+0000] {taskinstance.py:430} INFO - ::endgroup::
[2026-06-10T09:16:21.000+0000] {fetch.py:33} INFO - [Marseille] Appel API Open-Meteo
[2026-06-10T09:16:21.154+0000] {fetch.py:37} INFO - [Marseille] Reponse brute recue : {
  "time": "2026-06-10T11:15",
  "interval": 900,
  "temperature_2m": 22.3,
  "relative_humidity_2m": 39,
  "wind_speed_10m": 28.3
}
[2026-06-10T09:16:21.166+0000] {fetch.py:51} INFO - [Marseille] Archive sauvegardee : /opt/airflow/archive/marseille/manual__2026-06-10T09-16-19.352005_00-00.json
[2026-06-10T09:16:21.198+0000] {python.py:237} INFO - Done. Returned value was: None
[2026-06-10T09:16:21.201+0000] {taskinstance.py:441} INFO - ::group::Post task execution logs
[2026-06-10T09:16:21.212+0000] {taskinstance.py:1206} INFO - Marking task as SUCCESS. dag_id=dag_meteo_v2, task_id=fetch_marseille, run_id=manual__2026-06-10T09:16:19.352005+00:00, execution_date=20260610T091619, start_date=20260610T091620, end_date=20260610T091621
[2026-06-10T09:16:21.278+0000] {local_task_job_runner.py:240} INFO - Task exited with return code 0
[2026-06-10T09:16:21.293+0000] {local_task_job_runner.py:222} INFO - ::endgroup::
