[2026-06-10T09:11:06.357+0000] {local_task_job_runner.py:120} INFO - ::group::Pre task execution logs
[2026-06-10T09:11:06.401+0000] {taskinstance.py:2076} INFO - Dependencies all met for dep_context=non-requeueable deps ti=<TaskInstance: dag_meteo_v2.fetch_lyon manual__2026-06-10T09:11:05.381163+00:00 [queued]>
[2026-06-10T09:11:06.411+0000] {taskinstance.py:2076} INFO - Dependencies all met for dep_context=requeueable deps ti=<TaskInstance: dag_meteo_v2.fetch_lyon manual__2026-06-10T09:11:05.381163+00:00 [queued]>
[2026-06-10T09:11:06.412+0000] {taskinstance.py:2306} INFO - Starting attempt 1 of 4
[2026-06-10T09:11:06.444+0000] {taskinstance.py:2330} INFO - Executing <Task(PythonOperator): fetch_lyon> on 2026-06-10 09:11:05.381163+00:00
[2026-06-10T09:11:06.456+0000] {logging_mixin.py:188} WARNING - /home/***/.local/lib/python3.12/site-packages/***/task/task_runner/standard_task_runner.py:61 DeprecationWarning: This process (pid=276) is multi-threaded, use of fork() may lead to deadlocks in the child.
[2026-06-10T09:11:06.458+0000] {standard_task_runner.py:63} INFO - Started process 277 to run task
[2026-06-10T09:11:06.457+0000] {standard_task_runner.py:90} INFO - Running: ['***', 'tasks', 'run', 'dag_meteo_v2', 'fetch_lyon', 'manual__2026-06-10T09:11:05.381163+00:00', '--job-id', '15', '--raw', '--subdir', 'DAGS_FOLDER/dag_meteo_v2.py', '--cfg-path', '/tmp/tmpngcntg5_']
[2026-06-10T09:11:06.460+0000] {standard_task_runner.py:91} INFO - Job 15: Subtask fetch_lyon
[2026-06-10T09:11:06.551+0000] {task_command.py:426} INFO - Running <TaskInstance: dag_meteo_v2.fetch_lyon manual__2026-06-10T09:11:05.381163+00:00 [running]> on host 60aeb70330b1
[2026-06-10T09:11:06.697+0000] {taskinstance.py:2648} INFO - Exporting env vars: AIRFLOW_CTX_DAG_OWNER='***' AIRFLOW_CTX_DAG_ID='dag_meteo_v2' AIRFLOW_CTX_TASK_ID='fetch_lyon' AIRFLOW_CTX_EXECUTION_DATE='2026-06-10T09:11:05.381163+00:00' AIRFLOW_CTX_TRY_NUMBER='1' AIRFLOW_CTX_DAG_RUN_ID='manual__2026-06-10T09:11:05.381163+00:00'
[2026-06-10T09:11:06.699+0000] {taskinstance.py:430} INFO - ::endgroup::
[2026-06-10T09:11:06.718+0000] {fetch.py:33} INFO - [Lyon] Appel API Open-Meteo
[2026-06-10T09:11:07.540+0000] {fetch.py:37} INFO - [Lyon] Reponse brute recue : {
  "time": "2026-06-10T11:00",
  "interval": 900,
  "temperature_2m": 17.4,
  "relative_humidity_2m": 53,
  "wind_speed_10m": 11.2
}
[2026-06-10T09:11:07.548+0000] {fetch.py:51} INFO - [Lyon] Archive sauvegardee : /opt/airflow/archive/lyon/manual__2026-06-10T09-11-05.381163_00-00.json
[2026-06-10T09:11:07.582+0000] {python.py:237} INFO - Done. Returned value was: None
[2026-06-10T09:11:07.583+0000] {taskinstance.py:441} INFO - ::group::Post task execution logs
[2026-06-10T09:11:07.598+0000] {taskinstance.py:1206} INFO - Marking task as SUCCESS. dag_id=dag_meteo_v2, task_id=fetch_lyon, run_id=manual__2026-06-10T09:11:05.381163+00:00, execution_date=20260610T091105, start_date=20260610T091106, end_date=20260610T091107
[2026-06-10T09:11:07.679+0000] {local_task_job_runner.py:240} INFO - Task exited with return code 0
[2026-06-10T09:11:07.741+0000] {taskinstance.py:3498} INFO - 1 downstream tasks scheduled from follow-on schedule check
[2026-06-10T09:11:07.746+0000] {local_task_job_runner.py:222} INFO - ::endgroup::
