[2026-06-09T14:16:01.057+0000] {local_task_job_runner.py:120} INFO - ::group::Pre task execution logs
[2026-06-09T14:16:01.100+0000] {taskinstance.py:2076} INFO - Dependencies all met for dep_context=non-requeueable deps ti=<TaskInstance: dag_pipeline_meteo.transform_marseille manual__2026-06-09T14:15:57.038628+00:00 [queued]>
[2026-06-09T14:16:01.111+0000] {taskinstance.py:2076} INFO - Dependencies all met for dep_context=requeueable deps ti=<TaskInstance: dag_pipeline_meteo.transform_marseille manual__2026-06-09T14:15:57.038628+00:00 [queued]>
[2026-06-09T14:16:01.115+0000] {taskinstance.py:2306} INFO - Starting attempt 1 of 1
[2026-06-09T14:16:01.141+0000] {taskinstance.py:2330} INFO - Executing <Task(PythonOperator): transform_marseille> on 2026-06-09 14:15:57.038628+00:00
[2026-06-09T14:16:01.154+0000] {logging_mixin.py:188} WARNING - /home/***/.local/lib/python3.12/site-packages/***/task/task_runner/standard_task_runner.py:61 DeprecationWarning: This process (pid=205) is multi-threaded, use of fork() may lead to deadlocks in the child.
[2026-06-09T14:16:01.153+0000] {standard_task_runner.py:90} INFO - Running: ['***', 'tasks', 'run', 'dag_pipeline_meteo', 'transform_marseille', 'manual__2026-06-09T14:15:57.038628+00:00', '--job-id', '6', '--raw', '--subdir', 'DAGS_FOLDER/dag_pipeline_meteo.py', '--cfg-path', '/tmp/tmpyctagrsh']
[2026-06-09T14:16:01.156+0000] {standard_task_runner.py:63} INFO - Started process 209 to run task
[2026-06-09T14:16:01.156+0000] {standard_task_runner.py:91} INFO - Job 6: Subtask transform_marseille
[2026-06-09T14:16:01.267+0000] {task_command.py:426} INFO - Running <TaskInstance: dag_pipeline_meteo.transform_marseille manual__2026-06-09T14:15:57.038628+00:00 [running]> on host fff10450e6ba
[2026-06-09T14:16:01.417+0000] {taskinstance.py:2648} INFO - Exporting env vars: AIRFLOW_CTX_DAG_OWNER='***' AIRFLOW_CTX_DAG_ID='dag_pipeline_meteo' AIRFLOW_CTX_TASK_ID='transform_marseille' AIRFLOW_CTX_EXECUTION_DATE='2026-06-09T14:15:57.038628+00:00' AIRFLOW_CTX_TRY_NUMBER='1' AIRFLOW_CTX_DAG_RUN_ID='manual__2026-06-09T14:15:57.038628+00:00'
[2026-06-09T14:16:01.419+0000] {taskinstance.py:430} INFO - ::endgroup::
[2026-06-09T14:16:01.458+0000] {logging_mixin.py:188} INFO - [Marseille] Donnees transformees : {
  "city": "Marseille",
  "timestamp": "2026-06-09T16:15",
  "temperature_c": 23.3,
  "humidity_pct": 60,
  "wind_speed_kmh": 27.2
}
[2026-06-09T14:16:01.483+0000] {python.py:237} INFO - Done. Returned value was: None
[2026-06-09T14:16:01.484+0000] {taskinstance.py:441} INFO - ::group::Post task execution logs
[2026-06-09T14:16:01.505+0000] {taskinstance.py:1206} INFO - Marking task as SUCCESS. dag_id=dag_pipeline_meteo, task_id=transform_marseille, run_id=manual__2026-06-09T14:15:57.038628+00:00, execution_date=20260609T141557, start_date=20260609T141601, end_date=20260609T141601
[2026-06-09T14:16:01.572+0000] {local_task_job_runner.py:240} INFO - Task exited with return code 0
[2026-06-09T14:16:01.605+0000] {taskinstance.py:3498} INFO - 1 downstream tasks scheduled from follow-on schedule check
[2026-06-09T14:16:01.630+0000] {local_task_job_runner.py:222} INFO - ::endgroup::
