[2026-06-09T14:17:20.502+0000] {local_task_job_runner.py:120} INFO - ::group::Pre task execution logs
[2026-06-09T14:17:20.566+0000] {taskinstance.py:2076} INFO - Dependencies all met for dep_context=non-requeueable deps ti=<TaskInstance: dag_pipeline_meteo.transform_lyon manual__2026-06-09T14:17:17.541472+00:00 [queued]>
[2026-06-09T14:17:20.581+0000] {taskinstance.py:2076} INFO - Dependencies all met for dep_context=requeueable deps ti=<TaskInstance: dag_pipeline_meteo.transform_lyon manual__2026-06-09T14:17:17.541472+00:00 [queued]>
[2026-06-09T14:17:20.583+0000] {taskinstance.py:2306} INFO - Starting attempt 1 of 1
[2026-06-09T14:17:20.604+0000] {taskinstance.py:2330} INFO - Executing <Task(PythonOperator): transform_lyon> on 2026-06-09 14:17:17.541472+00:00
[2026-06-09T14:17:20.620+0000] {logging_mixin.py:188} WARNING - /home/***/.local/lib/python3.12/site-packages/***/task/task_runner/standard_task_runner.py:61 DeprecationWarning: This process (pid=261) is multi-threaded, use of fork() may lead to deadlocks in the child.
[2026-06-09T14:17:20.618+0000] {standard_task_runner.py:90} INFO - Running: ['***', 'tasks', 'run', 'dag_pipeline_meteo', 'transform_lyon', 'manual__2026-06-09T14:17:17.541472+00:00', '--job-id', '17', '--raw', '--subdir', 'DAGS_FOLDER/dag_pipeline_meteo.py', '--cfg-path', '/tmp/tmpbahk28mw']
[2026-06-09T14:17:20.622+0000] {standard_task_runner.py:63} INFO - Started process 262 to run task
[2026-06-09T14:17:20.623+0000] {standard_task_runner.py:91} INFO - Job 17: Subtask transform_lyon
[2026-06-09T14:17:20.716+0000] {task_command.py:426} INFO - Running <TaskInstance: dag_pipeline_meteo.transform_lyon manual__2026-06-09T14:17:17.541472+00:00 [running]> on host fff10450e6ba
[2026-06-09T14:17:20.838+0000] {taskinstance.py:2648} INFO - Exporting env vars: AIRFLOW_CTX_DAG_OWNER='***' AIRFLOW_CTX_DAG_ID='dag_pipeline_meteo' AIRFLOW_CTX_TASK_ID='transform_lyon' AIRFLOW_CTX_EXECUTION_DATE='2026-06-09T14:17:17.541472+00:00' AIRFLOW_CTX_TRY_NUMBER='1' AIRFLOW_CTX_DAG_RUN_ID='manual__2026-06-09T14:17:17.541472+00:00'
[2026-06-09T14:17:20.839+0000] {taskinstance.py:430} INFO - ::endgroup::
[2026-06-09T14:17:20.871+0000] {logging_mixin.py:188} INFO - [Lyon] Donnees transformees : {
  "city": "Lyon",
  "timestamp": "2026-06-09T16:15",
  "temperature_c": 20.9,
  "humidity_pct": 44,
  "wind_speed_kmh": 10.9
}
[2026-06-09T14:17:20.891+0000] {python.py:237} INFO - Done. Returned value was: None
[2026-06-09T14:17:20.892+0000] {taskinstance.py:441} INFO - ::group::Post task execution logs
[2026-06-09T14:17:20.907+0000] {taskinstance.py:1206} INFO - Marking task as SUCCESS. dag_id=dag_pipeline_meteo, task_id=transform_lyon, run_id=manual__2026-06-09T14:17:17.541472+00:00, execution_date=20260609T141717, start_date=20260609T141720, end_date=20260609T141720
[2026-06-09T14:17:20.958+0000] {local_task_job_runner.py:240} INFO - Task exited with return code 0
[2026-06-09T14:17:21.004+0000] {taskinstance.py:3498} INFO - 1 downstream tasks scheduled from follow-on schedule check
[2026-06-09T14:17:21.007+0000] {local_task_job_runner.py:222} INFO - ::endgroup::
